This is pdfTeX, Version 3.141592653-2.6-1.40.24 (MiKTeX 22.3) (preloaded format=pdflatex 2022.5.2)  4 MAY 2022 07:58
entering extended mode
 restricted \write18 enabled.
 %&-line parsing enabled.
**./Master_Thesis.tex
(Master_Thesis.tex
LaTeX2e <2021-11-15> patch level 1
L3 programming layer <2022-04-20> (C:\Users\Nils\AppData\Local\Programs\MiKTeX 
2.9\tex/latex/base\article.cls
Document Class: article 2021/10/04 v1.4n Standard LaTeX document class
(C:\Users\Nils\AppData\Local\Programs\MiKTeX 2.9\tex/latex/base\size12.clo
File: size12.clo 2021/10/04 v1.4n Standard LaTeX file (size option)
)
\c@part=\count185
\c@section=\count186
\c@subsection=\count187
\c@subsubsection=\count188
\c@paragraph=\count189
\c@subparagraph=\count190
\c@figure=\count191
\c@table=\count192
\abovecaptionskip=\skip47
\belowcaptionskip=\skip48
\bibindent=\dimen138
) (C:\Users\Nils\AppData\Local\Programs\MiKTeX 2.9\tex/latex/lm\lmodern.sty
Package: lmodern 2009/10/30 v1.6 Latin Modern Fonts
LaTeX Font Info:    Overwriting symbol font `operators' in version `normal'
(Font)                  OT1/cmr/m/n --> OT1/lmr/m/n on input line 22.
LaTeX Font Info:    Overwriting symbol font `letters' in version `normal'
(Font)                  OML/cmm/m/it --> OML/lmm/m/it on input line 23.
LaTeX Font Info:    Overwriting symbol font `symbols' in version `normal'
(Font)                  OMS/cmsy/m/n --> OMS/lmsy/m/n on input line 24.
LaTeX Font Info:    Overwriting symbol font `largesymbols' in version `normal'
(Font)                  OMX/cmex/m/n --> OMX/lmex/m/n on input line 25.
LaTeX Font Info:    Overwriting symbol font `operators' in version `bold'
(Font)                  OT1/cmr/bx/n --> OT1/lmr/bx/n on input line 26.
LaTeX Font Info:    Overwriting symbol font `letters' in version `bold'
(Font)                  OML/cmm/b/it --> OML/lmm/b/it on input line 27.
LaTeX Font Info:    Overwriting symbol font `symbols' in version `bold'
(Font)                  OMS/cmsy/b/n --> OMS/lmsy/b/n on input line 28.
LaTeX Font Info:    Overwriting symbol font `largesymbols' in version `bold'
(Font)                  OMX/cmex/m/n --> OMX/lmex/m/n on input line 29.
LaTeX Font Info:    Overwriting math alphabet `\mathbf' in version `normal'
(Font)                  OT1/cmr/bx/n --> OT1/lmr/bx/n on input line 31.
LaTeX Font Info:    Overwriting math alphabet `\mathsf' in version `normal'
(Font)                  OT1/cmss/m/n --> OT1/lmss/m/n on input line 32.
LaTeX Font Info:    Overwriting math alphabet `\mathit' in version `normal'
(Font)                  OT1/cmr/m/it --> OT1/lmr/m/it on input line 33.
LaTeX Font Info:    Overwriting math alphabet `\mathtt' in version `normal'
(Font)                  OT1/cmtt/m/n --> OT1/lmtt/m/n on input line 34.
LaTeX Font Info:    Overwriting math alphabet `\mathbf' in version `bold'
(Font)                  OT1/cmr/bx/n --> OT1/lmr/bx/n on input line 35.
LaTeX Font Info:    Overwriting math alphabet `\mathsf' in version `bold'
(Font)                  OT1/cmss/bx/n --> OT1/lmss/bx/n on input line 36.
LaTeX Font Info:    Overwriting math alphabet `\mathit' in version `bold'
(Font)                  OT1/cmr/bx/it --> OT1/lmr/bx/it on input line 37.
LaTeX Font Info:    Overwriting math alphabet `\mathtt' in version `bold'
(Font)                  OT1/cmtt/m/n --> OT1/lmtt/m/n on input line 38.
)
(C:\Users\Nils\AppData\Local\Programs\MiKTeX 2.9\tex/latex/placeins\placeins.st
y
Package: placeins 2005/04/18  v 2.2
)
(C:\Users\Nils\AppData\Local\Programs\MiKTeX 2.9\tex/latex/booktabs\booktabs.st
y
Package: booktabs 2020/01/12 v1.61803398 Publication quality tables
\heavyrulewidth=\dimen139
\lightrulewidth=\dimen140
\cmidrulewidth=\dimen141
\belowrulesep=\dimen142
\belowbottomsep=\dimen143
\aboverulesep=\dimen144
\abovetopsep=\dimen145
\cmidrulesep=\dimen146
\cmidrulekern=\dimen147
\defaultaddspace=\dimen148
\@cmidla=\count193
\@cmidlb=\count194
\@aboverulesep=\dimen149
\@belowrulesep=\dimen150
\@thisruleclass=\count195
\@lastruleclass=\count196
\@thisrulewidth=\dimen151
)
(C:\Users\Nils\AppData\Local\Programs\MiKTeX 2.9\tex/latex/amsfonts\amssymb.sty
Package: amssymb 2013/01/14 v3.01 AMS font symbols

(C:\Users\Nils\AppData\Local\Programs\MiKTeX 2.9\tex/latex/amsfonts\amsfonts.st
y
Package: amsfonts 2013/01/14 v3.01 Basic AMSFonts support
\@emptytoks=\toks16
\symAMSa=\mathgroup4
\symAMSb=\mathgroup5
LaTeX Font Info:    Redeclaring math symbol \hbar on input line 98.
LaTeX Font Info:    Overwriting math alphabet `\mathfrak' in version `bold'
(Font)                  U/euf/m/n --> U/euf/b/n on input line 106.
)) (C:\Users\Nils\AppData\Local\Programs\MiKTeX 2.9\tex/latex/amsmath\amsmath.s
ty
Package: amsmath 2021/10/15 v2.17l AMS math features
\@mathmargin=\skip49
For additional information on amsmath, use the `?' option.
(C:\Users\Nils\AppData\Local\Programs\MiKTeX 2.9\tex/latex/amsmath\amstext.sty
Package: amstext 2021/08/26 v2.01 AMS text
(C:\Users\Nils\AppData\Local\Programs\MiKTeX 2.9\tex/latex/amsmath\amsgen.sty
File: amsgen.sty 1999/11/30 v2.0 generic functions
\@emptytoks=\toks17
\ex@=\dimen152
)) (C:\Users\Nils\AppData\Local\Programs\MiKTeX 2.9\tex/latex/amsmath\amsbsy.st
y
Package: amsbsy 1999/11/29 v1.2d Bold Symbols
\pmbraise@=\dimen153
) (C:\Users\Nils\AppData\Local\Programs\MiKTeX 2.9\tex/latex/amsmath\amsopn.sty
Package: amsopn 2021/08/26 v2.02 operator names
)
\inf@bad=\count197
LaTeX Info: Redefining \frac on input line 234.
\uproot@=\count198
\leftroot@=\count199
LaTeX Info: Redefining \overline on input line 399.
\classnum@=\count266
\DOTSCASE@=\count267
LaTeX Info: Redefining \ldots on input line 496.
LaTeX Info: Redefining \dots on input line 499.
LaTeX Info: Redefining \cdots on input line 620.
\Mathstrutbox@=\box50
\strutbox@=\box51
\big@size=\dimen154
LaTeX Font Info:    Redeclaring font encoding OML on input line 743.
LaTeX Font Info:    Redeclaring font encoding OMS on input line 744.
\macc@depth=\count268
\c@MaxMatrixCols=\count269
\dotsspace@=\muskip16
\c@parentequation=\count270
\dspbrk@lvl=\count271
\tag@help=\toks18
\row@=\count272
\column@=\count273
\maxfields@=\count274
\andhelp@=\toks19
\eqnshift@=\dimen155
\alignsep@=\dimen156
\tagshift@=\dimen157
\tagwidth@=\dimen158
\totwidth@=\dimen159
\lineht@=\dimen160
\@envbody=\toks20
\multlinegap=\skip50
\multlinetaggap=\skip51
\mathdisplay@stack=\toks21
LaTeX Info: Redefining \[ on input line 2938.
LaTeX Info: Redefining \] on input line 2939.
) (C:\Users\Nils\AppData\Local\Programs\MiKTeX 2.9\tex/generic/iftex\ifxetex.st
y
Package: ifxetex 2019/10/25 v0.7 ifxetex legacy package. Use iftex instead.
(C:\Users\Nils\AppData\Local\Programs\MiKTeX 2.9\tex/generic/iftex\iftex.sty
Package: iftex 2022/02/03 v1.0f TeX engine tests
))
(C:\Users\Nils\AppData\Local\Programs\MiKTeX 2.9\tex/generic/iftex\ifluatex.sty
Package: ifluatex 2019/10/25 v1.5 ifluatex legacy package. Use iftex instead.
) (C:\Users\Nils\AppData\Local\Programs\MiKTeX 2.9\tex/latex/base\fixltx2e.sty
Package: fixltx2e 2016/12/29 v2.1a fixes to LaTeX (obsolete)
Applying: [2015/01/01] Old fixltx2e package on input line 46.

Package fixltx2e Warning: fixltx2e is not required with releases after 2015
(fixltx2e)                All fixes are now in the LaTeX kernel.
(fixltx2e)                See the latexrelease package for details.

Already applied: [0000/00/00] Old fixltx2e package on input line 53.
) (C:\Users\Nils\AppData\Local\Programs\MiKTeX 2.9\tex/latex/base\fontenc.sty
Package: fontenc 2021/04/29 v2.0v Standard LaTeX package
LaTeX Font Info:    Trying to load font information for T1+lmr on input line 11
2.
(C:\Users\Nils\AppData\Local\Programs\MiKTeX 2.9\tex/latex/lm\t1lmr.fd
File: t1lmr.fd 2009/10/30 v1.6 Font defs for Latin Modern
)) (C:\Users\Nils\AppData\Local\Programs\MiKTeX 2.9\tex/latex/base\inputenc.sty
Package: inputenc 2021/02/14 v1.3d Input encoding file
\inpenc@prehook=\toks22
\inpenc@posthook=\toks23
) (C:\Users\Nils\AppData\Local\Programs\MiKTeX 2.9\tex/latex/upquote\upquote.st
y
Package: upquote 2012/04/19 v1.3 upright-quote and grave-accent glyphs in verba
tim
(C:\Users\Nils\AppData\Local\Programs\MiKTeX 2.9\tex/latex/base\textcomp.sty
Package: textcomp 2020/02/02 v2.0n Standard LaTeX package
))
(C:\Users\Nils\AppData\Local\Programs\MiKTeX 2.9\tex/latex/microtype\microtype.
sty
Package: microtype 2022/03/14 v3.0d Micro-typographical refinements (RS)
(C:\Users\Nils\AppData\Local\Programs\MiKTeX 2.9\tex/latex/graphics\keyval.sty
Package: keyval 2014/10/28 v1.15 key=value parser (DPC)
\KV@toks@=\toks24
)
(C:\Users\Nils\AppData\Local\Programs\MiKTeX 2.9\tex/latex/etoolbox\etoolbox.st
y
Package: etoolbox 2020/10/05 v2.5k e-TeX tools for LaTeX (JAW)
\etb@tempcnta=\count275
)
\MT@toks=\toks25
\MT@tempbox=\box52
\MT@count=\count276
LaTeX Info: Redefining \noprotrusionifhmode on input line 1027.
LaTeX Info: Redefining \leftprotrusion on input line 1028.
LaTeX Info: Redefining \rightprotrusion on input line 1036.
LaTeX Info: Redefining \textls on input line 1195.
\MT@outer@kern=\dimen161
LaTeX Info: Redefining \textmicrotypecontext on input line 1781.
\MT@listname@count=\count277

(C:\Users\Nils\AppData\Local\Programs\MiKTeX 2.9\tex/latex/microtype\microtype-
pdftex.def
File: microtype-pdftex.def 2022/03/14 v3.0d Definitions specific to pdftex (RS)

LaTeX Info: Redefining \lsstyle on input line 900.
LaTeX Info: Redefining \lslig on input line 900.
\MT@outer@space=\skip52
)
Package microtype Info: Loading configuration file microtype.cfg.

(C:\Users\Nils\AppData\Local\Programs\MiKTeX 2.9\tex/latex/microtype\microtype.
cfg
File: microtype.cfg 2022/03/14 v3.0d microtype main configuration file (RS)
))
(C:\Users\Nils\AppData\Local\Programs\MiKTeX 2.9\tex/latex/geometry\geometry.st
y
Package: geometry 2020/01/02 v5.9 Page Geometry
(C:\Users\Nils\AppData\Local\Programs\MiKTeX 2.9\tex/generic/iftex\ifvtex.sty
Package: ifvtex 2019/10/25 v1.7 ifvtex legacy package. Use iftex instead.
)
\Gm@cnth=\count278
\Gm@cntv=\count279
\c@Gm@tempcnt=\count280
\Gm@bindingoffset=\dimen162
\Gm@wd@mp=\dimen163
\Gm@odd@mp=\dimen164
\Gm@even@mp=\dimen165
\Gm@layoutwidth=\dimen166
\Gm@layoutheight=\dimen167
\Gm@layouthoffset=\dimen168
\Gm@layoutvoffset=\dimen169
\Gm@dimlist=\toks26

(C:\Users\Nils\AppData\Local\Programs\MiKTeX 2.9\tex/latex/geometry\geometry.cf
g)) (C:\Users\Nils\AppData\Local\Programs\MiKTeX 2.9\tex/latex/float\float.sty
Package: float 2001/11/08 v1.3d Float enhancements (AL)
\c@float@type=\count281
\float@exts=\toks27
\float@box=\box53
\@float@everytoks=\toks28
\@floatcapt=\box54
)
(C:\Users\Nils\AppData\Local\Programs\MiKTeX 2.9\tex/latex/csquotes\csquotes.st
y
Package: csquotes 2021-02-22 v5.2l context-sensitive quotations (JAW)
\csq@reset=\count282
\csq@gtype=\count283
\csq@glevel=\count284
\csq@qlevel=\count285
\csq@maxlvl=\count286
\csq@tshold=\count287
\csq@ltx@everypar=\toks29

(C:\Users\Nils\AppData\Local\Programs\MiKTeX 2.9\tex/latex/csquotes\csquotes.de
f
File: csquotes.def 2021-02-22 v5.2l csquotes generic definitions (JAW)
)
Package csquotes Info: Trying to load configuration file 'csquotes.cfg'...
Package csquotes Info: ... configuration file loaded successfully.

(C:\Users\Nils\AppData\Local\Programs\MiKTeX 2.9\tex/latex/csquotes\csquotes.cf
g
File: csquotes.cfg 
))
(C:\Users\Nils\AppData\Local\Programs\MiKTeX 2.9\tex/latex/biblatex\biblatex.st
y
Package: biblatex 2022/02/02 v3.17 programmable bibliographies (PK/MW)

(C:\Users\Nils\AppData\Local\Programs\MiKTeX 2.9\tex/generic/pdftexcmds\pdftexc
mds.sty
Package: pdftexcmds 2020-06-27 v0.33 Utility functions of pdfTeX for LuaTeX (HO
)

(C:\Users\Nils\AppData\Local\Programs\MiKTeX 2.9\tex/generic/infwarerr\infwarer
r.sty
Package: infwarerr 2019/12/03 v1.5 Providing info/warning/error messages (HO)
)
(C:\Users\Nils\AppData\Local\Programs\MiKTeX 2.9\tex/generic/ltxcmds\ltxcmds.st
y
Package: ltxcmds 2020-05-10 v1.25 LaTeX kernel commands for general use (HO)
)
Package pdftexcmds Info: \pdf@primitive is available.
Package pdftexcmds Info: \pdf@ifprimitive is available.
Package pdftexcmds Info: \pdfdraftmode found.
)
(C:\Users\Nils\AppData\Local\Programs\MiKTeX 2.9\tex/latex/kvoptions\kvoptions.
sty
Package: kvoptions 2020-10-07 v3.14 Key value format for package options (HO)

(C:\Users\Nils\AppData\Local\Programs\MiKTeX 2.9\tex/generic/kvsetkeys\kvsetkey
s.sty
Package: kvsetkeys 2019/12/15 v1.18 Key value parser (HO)
)) (C:\Users\Nils\AppData\Local\Programs\MiKTeX 2.9\tex/latex/logreq\logreq.sty
Package: logreq 2010/08/04 v1.0 xml request logger
\lrq@indent=\count288
(C:\Users\Nils\AppData\Local\Programs\MiKTeX 2.9\tex/latex/logreq\logreq.def
File: logreq.def 2010/08/04 v1.0 logreq spec v1.0
)) (C:\Users\Nils\AppData\Local\Programs\MiKTeX 2.9\tex/latex/base\ifthen.sty
Package: ifthen 2020/11/24 v1.1c Standard LaTeX ifthen package (DPC)
) (C:\Users\Nils\AppData\Local\Programs\MiKTeX 2.9\tex/latex/url\url.sty
\Urlmuskip=\muskip17
Package: url 2013/09/16  ver 3.4  Verb mode for urls, etc.
)
\c@tabx@nest=\count289
\c@listtotal=\count290
\c@listcount=\count291
\c@liststart=\count292
\c@liststop=\count293
\c@citecount=\count294
\c@citetotal=\count295
\c@multicitecount=\count296
\c@multicitetotal=\count297
\c@instcount=\count298
\c@maxnames=\count299
\c@minnames=\count300
\c@maxitems=\count301
\c@minitems=\count302
\c@citecounter=\count303
\c@maxcitecounter=\count304
\c@savedcitecounter=\count305
\c@uniquelist=\count306
\c@uniquename=\count307
\c@refsection=\count308
\c@refsegment=\count309
\c@maxextratitle=\count310
\c@maxextratitleyear=\count311
\c@maxextraname=\count312
\c@maxextradate=\count313
\c@maxextraalpha=\count314
\c@abbrvpenalty=\count315
\c@highnamepenalty=\count316
\c@lownamepenalty=\count317
\c@maxparens=\count318
\c@parenlevel=\count319
\blx@tempcnta=\count320
\blx@tempcntb=\count321
\blx@tempcntc=\count322
\c@blx@maxsection=\count323
\c@blx@maxsegment@0=\count324
\blx@notetype=\count325
\blx@parenlevel@text=\count326
\blx@parenlevel@foot=\count327
\c@blx@sectionciteorder@0=\count328
\blx@entrysetcounter=\count329
\blx@biblioinstance=\count330
\labelnumberwidth=\skip53
\labelalphawidth=\skip54
\biblabelsep=\skip55
\bibitemsep=\skip56
\bibnamesep=\skip57
\bibinitsep=\skip58
\bibparsep=\skip59
\bibhang=\skip60
\blx@bcfin=\read2
\blx@bcfout=\write3
\blx@langwohyphens=\language81
\c@mincomprange=\count331
\c@maxcomprange=\count332
\c@mincompwidth=\count333
Package biblatex Info: Trying to load biblatex default data model...
Package biblatex Info: ... file 'blx-dm.def' found.
(C:\Users\Nils\AppData\Local\Programs\MiKTeX 2.9\tex/latex/biblatex\blx-dm.def
File: blx-dm.def 2022/02/02 v3.17 biblatex localization (PK/MW)
)
Package biblatex Info: Trying to load biblatex style data model...
Package biblatex Info: ... file 'apa.dbx' found.

(C:\Users\Nils\AppData\Local\Programs\MiKTeX 2.9\tex/latex/biblatex-apa\apa.dbx
File: apa.dbx 2021/12/24 v9.15 APA biblatex style data model
)
Package biblatex Info: Trying to load biblatex custom data model...
Package biblatex Info: ... file 'biblatex-dm.cfg' not found.
\c@afterword=\count334
\c@savedafterword=\count335
\c@annotator=\count336
\c@savedannotator=\count337
\c@author=\count338
\c@savedauthor=\count339
\c@bookauthor=\count340
\c@savedbookauthor=\count341
\c@commentator=\count342
\c@savedcommentator=\count343
\c@editor=\count344
\c@savededitor=\count345
\c@editora=\count346
\c@savededitora=\count347
\c@editorb=\count348
\c@savededitorb=\count349
\c@editorc=\count350
\c@savededitorc=\count351
\c@foreword=\count352
\c@savedforeword=\count353
\c@holder=\count354
\c@savedholder=\count355
\c@introduction=\count356
\c@savedintroduction=\count357
\c@namea=\count358
\c@savednamea=\count359
\c@nameb=\count360
\c@savednameb=\count361
\c@namec=\count362
\c@savednamec=\count363
\c@translator=\count364
\c@savedtranslator=\count365
\c@shortauthor=\count366
\c@savedshortauthor=\count367
\c@shorteditor=\count368
\c@savedshorteditor=\count369
\c@narrator=\count370
\c@savednarrator=\count371
\c@execproducer=\count372
\c@savedexecproducer=\count373
\c@execdirector=\count374
\c@savedexecdirector=\count375
\c@with=\count376
\c@savedwith=\count377
\c@labelname=\count378
\c@savedlabelname=\count379
\c@institution=\count380
\c@savedinstitution=\count381
\c@lista=\count382
\c@savedlista=\count383
\c@listb=\count384
\c@savedlistb=\count385
\c@listc=\count386
\c@savedlistc=\count387
\c@listd=\count388
\c@savedlistd=\count389
\c@liste=\count390
\c@savedliste=\count391
\c@listf=\count392
\c@savedlistf=\count393
\c@location=\count394
\c@savedlocation=\count395
\c@organization=\count396
\c@savedorganization=\count397
\c@origlocation=\count398
\c@savedoriglocation=\count399
\c@origpublisher=\count400
\c@savedorigpublisher=\count401
\c@publisher=\count402
\c@savedpublisher=\count403
\c@language=\count404
\c@savedlanguage=\count405
\c@origlanguage=\count406
\c@savedoriglanguage=\count407
\c@citation=\count408
\c@savedcitation=\count409
\c@pageref=\count410
\c@savedpageref=\count411
\shorthandwidth=\skip61
\shortjournalwidth=\skip62
\shortserieswidth=\skip63
\shorttitlewidth=\skip64
\shortauthorwidth=\skip65
\shorteditorwidth=\skip66
\locallabelnumberwidth=\skip67
\locallabelalphawidth=\skip68
\localshorthandwidth=\skip69
\localshortjournalwidth=\skip70
\localshortserieswidth=\skip71
\localshorttitlewidth=\skip72
\localshortauthorwidth=\skip73
\localshorteditorwidth=\skip74
Package biblatex Info: Trying to load compatibility code...
Package biblatex Info: ... file 'blx-compat.def' found.

(C:\Users\Nils\AppData\Local\Programs\MiKTeX 2.9\tex/latex/biblatex\blx-compat.
def
File: blx-compat.def 2022/02/02 v3.17 biblatex compatibility (PK/MW)
)
Package biblatex Info: Trying to load generic definitions...
Package biblatex Info: ... file 'biblatex.def' found.

(C:\Users\Nils\AppData\Local\Programs\MiKTeX 2.9\tex/latex/biblatex\biblatex.de
f
File: biblatex.def 2022/02/02 v3.17 biblatex compatibility (PK/MW)
\c@textcitecount=\count412
\c@textcitetotal=\count413
\c@textcitemaxnames=\count414
\c@biburlbigbreakpenalty=\count415
\c@biburlbreakpenalty=\count416
\c@biburlnumpenalty=\count417
\c@biburlucpenalty=\count418
\c@biburllcpenalty=\count419
\biburlbigskip=\muskip18
\biburlnumskip=\muskip19
\biburlucskip=\muskip20
\biburllcskip=\muskip21
\c@smartand=\count420
)
Package biblatex Info: Trying to load bibliography style 'apa'...
Package biblatex Info: ... file 'apa.bbx' found.

(C:\Users\Nils\AppData\Local\Programs\MiKTeX 2.9\tex/latex/biblatex-apa\apa.bbx
File: apa.bbx 2021/12/24 v9.15 APA biblatex references style
Package biblatex Info: Trying to load bibliography style 'standard'...
Package biblatex Info: ... file 'standard.bbx' found.

(C:\Users\Nils\AppData\Local\Programs\MiKTeX 2.9\tex/latex/biblatex/bbx\standar
d.bbx
File: standard.bbx 2022/02/02 v3.17 biblatex bibliography style (PK/MW)
\c@bbx:relatedcount=\count421
\c@bbx:relatedtotal=\count422
)
Package biblatex Info: Delimiter 'nameyeardelim' in context 'bib' already defin
ed, overwriting.
Package biblatex Info: Delimiter 'nameyeardelim' in context 'biblist' already d
efined, overwriting.

Package biblatex Warning: The starred command '\DeclareDelimAlias*' is
(biblatex)                deprecated.
(biblatex)                Use the unstarred version '\DeclareDelimAlias'
(biblatex)                instead.

Package biblatex Info: Delimiter 'nonameyeardelim' in context 'bib' already def
ined, overwriting.
Package biblatex Info: Delimiter 'nonameyeardelim' in context 'biblist' already
 defined, overwriting.
)
Package biblatex Info: Trying to load citation style 'apa'...
Package biblatex Info: ... file 'apa.cbx' found.

(C:\Users\Nils\AppData\Local\Programs\MiKTeX 2.9\tex/latex/biblatex-apa\apa.cbx
File: apa.cbx 2021/12/24 v9.15 APA biblatex citation style
Package biblatex Info: Delimiter 'nameyeardelim' in context '' already defined,
 overwriting.
Package biblatex Info: Delimiter 'andothersdelim' in context '' already defined
, overwriting.
Package biblatex Info: Redefining '\fullcite'.
Package biblatex Info: Redefining '\citeauthor'.
Package biblatex Info: Redefining '\citeyear'.
Package biblatex Info: Redefining '\cite'.
Package biblatex Info: Redefining '\cites'.
Package biblatex Info: Redefining '\parencite'.
Package biblatex Info: Redefining '\parencites'.
Package biblatex Info: Redefining '\footcite'.
Package biblatex Info: Redefining '\footcites'.
Package biblatex Info: Redefining '\footcitetext'.
Package biblatex Info: Redefining '\footcitetexts'.
Package biblatex Info: Redefining '\smartcite'.
Package biblatex Info: Redefining '\smartcites'.
Package biblatex Info: Redefining '\textcite'.
Package biblatex Info: Redefining '\textcites'.
)
Package biblatex Info: Trying to load configuration file...
Package biblatex Info: ... file 'biblatex.cfg' found.

(C:\Users\Nils\AppData\Local\Programs\MiKTeX 2.9\tex/latex/biblatex\biblatex.cf
g
File: biblatex.cfg 
)
Package biblatex Info: Input encoding 'utf8' detected.
Package biblatex Info: Document encoding is UTF8 ....
(C:\Users\Nils\AppData\Local\Programs\MiKTeX 2.9\tex/latex/l3kernel\expl3.sty
Package: expl3 2022-04-20 L3 programming layer (loader) 

(C:\Users\Nils\AppData\Local\Programs\MiKTeX 2.9\tex/latex/l3backend\l3backend-
pdftex.def
File: l3backend-pdftex.def 2022-04-20 L3 backend support: PDF output (pdfTeX)
\l__color_backend_stack_int=\count423
\l__pdf_internal_box=\box55
))
Package biblatex Info: ... and expl3
(biblatex)             2022-04-20 L3 programming layer (loader) 
(biblatex)             is new enough (at least 2020/04/06),
(biblatex)             setting 'casechanger=expl3'.

(C:\Users\Nils\AppData\Local\Programs\MiKTeX 2.9\tex/latex/biblatex\blx-case-ex
pl3.sty
(C:\Users\Nils\AppData\Local\Programs\MiKTeX 2.9\tex/latex/l3packages/xparse\xp
arse.sty
Package: xparse 2022-01-12 L3 Experimental document command parser
)
Package: blx-case-expl3 2022/02/02 v3.17 expl3 case changing code for biblatex
)) (C:\Users\Nils\AppData\Local\Programs\MiKTeX 2.9\tex/latex/tools\longtable.s
ty
Package: longtable 2021-09-01 v4.17 Multi-page Table package (DPC)
\LTleft=\skip75
\LTright=\skip76
\LTpre=\skip77
\LTpost=\skip78
\LTchunksize=\count424
\LTcapwidth=\dimen170
\LT@head=\box56
\LT@firsthead=\box57
\LT@foot=\box58
\LT@lastfoot=\box59
\LT@gbox=\box60
\LT@cols=\count425
\LT@rows=\count426
\c@LT@tables=\count427
\c@LT@chunks=\count428
\LT@p@ftn=\toks30
)
(C:\Users\Nils\AppData\Local\Programs\MiKTeX 2.9\tex/latex/graphics\graphicx.st
y
Package: graphicx 2021/09/16 v1.2d Enhanced LaTeX Graphics (DPC,SPQR)

(C:\Users\Nils\AppData\Local\Programs\MiKTeX 2.9\tex/latex/graphics\graphics.st
y
Package: graphics 2021/03/04 v1.4d Standard LaTeX Graphics (DPC,SPQR)
(C:\Users\Nils\AppData\Local\Programs\MiKTeX 2.9\tex/latex/graphics\trig.sty
Package: trig 2021/08/11 v1.11 sin cos tan (DPC)
)
(C:\Users\Nils\AppData\Local\Programs\MiKTeX 2.9\tex/latex/graphics-cfg\graphic
s.cfg
File: graphics.cfg 2016/06/04 v1.11 sample graphics configuration
)
Package graphics Info: Driver file: pdftex.def on input line 107.

(C:\Users\Nils\AppData\Local\Programs\MiKTeX 2.9\tex/latex/graphics-def\pdftex.
def
File: pdftex.def 2020/10/05 v1.2a Graphics/color driver for pdftex
))
\Gin@req@height=\dimen171
\Gin@req@width=\dimen172
)
(C:\Users\Nils\AppData\Local\Programs\MiKTeX 2.9\tex/latex/hyperref\hyperref.st
y
Package: hyperref 2022-02-21 v7.00n Hypertext links for LaTeX

(C:\Users\Nils\AppData\Local\Programs\MiKTeX 2.9\tex/generic/kvdefinekeys\kvdef
inekeys.sty
Package: kvdefinekeys 2019-12-19 v1.6 Define keys (HO)
)
(C:\Users\Nils\AppData\Local\Programs\MiKTeX 2.9\tex/generic/pdfescape\pdfescap
e.sty
Package: pdfescape 2019/12/09 v1.15 Implements pdfTeX's escape features (HO)
) (C:\Users\Nils\AppData\Local\Programs\MiKTeX 2.9\tex/latex/hycolor\hycolor.st
y
Package: hycolor 2020-01-27 v1.10 Color options for hyperref/bookmark (HO)
)
(C:\Users\Nils\AppData\Local\Programs\MiKTeX 2.9\tex/latex/letltxmacro\letltxma
cro.sty
Package: letltxmacro 2019/12/03 v1.6 Let assignment for LaTeX macros (HO)
) (C:\Users\Nils\AppData\Local\Programs\MiKTeX 2.9\tex/latex/auxhook\auxhook.st
y
Package: auxhook 2019-12-17 v1.6 Hooks for auxiliary files (HO)
)
\@linkdim=\dimen173
\Hy@linkcounter=\count429
\Hy@pagecounter=\count430
(C:\Users\Nils\AppData\Local\Programs\MiKTeX 2.9\tex/latex/hyperref\pd1enc.def
File: pd1enc.def 2022-02-21 v7.00n Hyperref: PDFDocEncoding definition (HO)
Now handling font encoding PD1 ...
... no UTF-8 mapping file for font encoding PD1
)
(C:\Users\Nils\AppData\Local\Programs\MiKTeX 2.9\tex/generic/intcalc\intcalc.st
y
Package: intcalc 2019/12/15 v1.3 Expandable calculations with integers (HO)
)
(C:\Users\Nils\AppData\Local\Programs\MiKTeX 2.9\tex/generic/etexcmds\etexcmds.
sty
Package: etexcmds 2019/12/15 v1.7 Avoid name clashes with e-TeX commands (HO)
)
\Hy@SavedSpaceFactor=\count431
(C:\Users\Nils\AppData\Local\Programs\MiKTeX 2.9\tex/latex/hyperref\puenc.def
File: puenc.def 2022-02-21 v7.00n Hyperref: PDF Unicode definition (HO)
Now handling font encoding PU ...
... no UTF-8 mapping file for font encoding PU
)
Package hyperref Info: Option `unicode' set `true' on input line 4018.
Package hyperref Info: Option `linktocpage' set `true' on input line 4018.
Package hyperref Info: Hyper figures OFF on input line 4137.
Package hyperref Info: Link nesting OFF on input line 4142.
Package hyperref Info: Hyper index ON on input line 4145.
Package hyperref Info: Plain pages OFF on input line 4152.
Package hyperref Info: Backreferencing OFF on input line 4157.
Package hyperref Info: Implicit mode ON; LaTeX internals redefined.
Package hyperref Info: Bookmarks ON on input line 4390.
\c@Hy@tempcnt=\count432
LaTeX Info: Redefining \url on input line 4749.
\XeTeXLinkMargin=\dimen174
(C:\Users\Nils\AppData\Local\Programs\MiKTeX 2.9\tex/generic/bitset\bitset.sty
Package: bitset 2019/12/09 v1.3 Handle bit-vector datatype (HO)

(C:\Users\Nils\AppData\Local\Programs\MiKTeX 2.9\tex/generic/bigintcalc\bigintc
alc.sty
Package: bigintcalc 2019/12/15 v1.5 Expandable calculations on big integers (HO
)
))
\Fld@menulength=\count433
\Field@Width=\dimen175
\Fld@charsize=\dimen176
Package hyperref Info: Hyper figures OFF on input line 6027.
Package hyperref Info: Link nesting OFF on input line 6032.
Package hyperref Info: Hyper index ON on input line 6035.
Package hyperref Info: backreferencing OFF on input line 6042.
Package hyperref Info: Link coloring OFF on input line 6047.
Package hyperref Info: Link coloring with OCG OFF on input line 6052.
Package hyperref Info: PDF/A mode OFF on input line 6057.
LaTeX Info: Redefining \ref on input line 6097.
LaTeX Info: Redefining \pageref on input line 6101.

(C:\Users\Nils\AppData\Local\Programs\MiKTeX 2.9\tex/latex/base\atbegshi-ltx.st
y
Package: atbegshi-ltx 2021/01/10 v1.0c Emulation of the original atbegshi
package with kernel methods
)
\Hy@abspage=\count434
\c@Item=\count435
\c@Hfootnote=\count436
)
Package hyperref Info: Driver (autodetected): hpdftex.

(C:\Users\Nils\AppData\Local\Programs\MiKTeX 2.9\tex/latex/hyperref\hpdftex.def
File: hpdftex.def 2022-02-21 v7.00n Hyperref driver for pdfTeX

(C:\Users\Nils\AppData\Local\Programs\MiKTeX 2.9\tex/latex/base\atveryend-ltx.s
ty
Package: atveryend-ltx 2020/08/19 v1.0a Emulation of the original atveryend pac
kage
with kernel methods
)
\Fld@listcount=\count437
\c@bookmark@seq@number=\count438

(C:\Users\Nils\AppData\Local\Programs\MiKTeX 2.9\tex/latex/rerunfilecheck\rerun
filecheck.sty
Package: rerunfilecheck 2019/12/05 v1.9 Rerun checks for auxiliary files (HO)

(C:\Users\Nils\AppData\Local\Programs\MiKTeX 2.9\tex/generic/uniquecounter\uniq
uecounter.sty
Package: uniquecounter 2019/12/15 v1.4 Provide unlimited unique counter (HO)
)
Package uniquecounter Info: New unique counter `rerunfilecheck' on input line 2
86.
)
\Hy@SectionHShift=\skip79
)
Package hyperref Info: Option `breaklinks' set `true' on input line 73.

Package hyperref Warning: Option `bookmarks' has already been used,
(hyperref)                setting the option has no effect on input line 73.

Package hyperref Info: Option `colorlinks' set `true' on input line 73.
(C:\Users\Nils\AppData\Local\Programs\MiKTeX 2.9\tex/latex/titling\titling.sty
Package: titling 2009/09/04 v2.1d maketitle typesetting
\thanksmarkwidth=\skip80
\thanksmargin=\skip81
\droptitle=\skip82
) (C:\Users\Nils\AppData\Local\Programs\MiKTeX 2.9\tex/latex/tools\dcolumn.sty
Package: dcolumn 2014/10/28 v1.06 decimal alignment package (DPC)
(C:\Users\Nils\AppData\Local\Programs\MiKTeX 2.9\tex/latex/tools\array.sty
Package: array 2021/10/04 v2.5f Tabular extension package (FMi)
\col@sep=\dimen177
\ar@mcellbox=\box61
\extrarowheight=\dimen178
\NC@list=\toks31
\extratabsurround=\skip83
\backup@length=\skip84
\ar@cellbox=\box62
)) (C:\Users\Nils\AppData\Local\Programs\MiKTeX 2.9\tex/latex/xcolor\xcolor.sty
Package: xcolor 2021/10/31 v2.13 LaTeX color extensions (UK)

(C:\Users\Nils\AppData\Local\Programs\MiKTeX 2.9\tex/latex/graphics-cfg\color.c
fg
File: color.cfg 2016/01/02 v1.6 sample color configuration
)
Package xcolor Info: Driver file: pdftex.def on input line 227.
Package xcolor Info: Model `cmy' substituted by `cmy0' on input line 1352.
Package xcolor Info: Model `hsb' substituted by `rgb' on input line 1356.
Package xcolor Info: Model `RGB' extended on input line 1368.
Package xcolor Info: Model `HTML' substituted by `rgb' on input line 1370.
Package xcolor Info: Model `Hsb' substituted by `hsb' on input line 1371.
Package xcolor Info: Model `tHsb' substituted by `hsb' on input line 1372.
Package xcolor Info: Model `HSB' substituted by `hsb' on input line 1373.
Package xcolor Info: Model `Gray' substituted by `gray' on input line 1374.
Package xcolor Info: Model `wave' substituted by `hsb' on input line 1375.
) (C:\Users\Nils\AppData\Local\Programs\MiKTeX 2.9\tex/latex/svg\svg.sty
Package: svg 2020/11/26 v2.02k (include SVG pictures)

(C:\Users\Nils\AppData\Local\Programs\MiKTeX 2.9\tex/latex/koma-script\scrbase.
sty
Package: scrbase 2021/11/13 v3.35 KOMA-Script package (KOMA-Script-independent 
basics and keyval usage)

(C:\Users\Nils\AppData\Local\Programs\MiKTeX 2.9\tex/latex/koma-script\scrlfile
.sty
Package: scrlfile 2021/11/13 v3.35 KOMA-Script package (file load hooks)

(C:\Users\Nils\AppData\Local\Programs\MiKTeX 2.9\tex/latex/koma-script\scrlfile
-hook.sty
Package: scrlfile-hook 2021/11/13 v3.35 KOMA-Script package (using LaTeX hooks)


(C:\Users\Nils\AppData\Local\Programs\MiKTeX 2.9\tex/latex/koma-script\scrlogo.
sty
Package: scrlogo 2021/11/13 v3.35 KOMA-Script package (logo)
)))
Applying: [2021/05/01] Usage of raw or classic option list on input line 252.
Already applied: [0000/00/00] Usage of raw or classic option list on input line
 368.
)
(C:\Users\Nils\AppData\Local\Programs\MiKTeX 2.9\tex/latex/trimspaces\trimspace
s.sty
Package: trimspaces 2009/09/17 v1.1 Trim spaces around a token list
) (C:\Users\Nils\AppData\Local\Programs\MiKTeX 2.9\tex/latex/tools\shellesc.sty
Package: shellesc 2019/11/08 v1.0c unified shell escape interface for LaTeX
Package shellesc Info: Restricted shell escape enabled on input line 77.
)
\c@svg@param@lastpage=\count439
\svg@box=\box63
\c@svg@param@currpage=\count440
)
(C:\Users\Nils\AppData\Local\Programs\MiKTeX 2.9\tex/latex/transparent\transpar
ent.sty
Package: transparent 2019/11/29 v1.4 Transparency via pdfTeX's color stack (HO)

)
(C:\Users\Nils\AppData\Local\Programs\MiKTeX 2.9\tex/latex/pgf/systemlayer\pgfs
ys.sty
(C:\Users\Nils\AppData\Local\Programs\MiKTeX 2.9\tex/latex/pgf/utilities\pgfrcs
.sty
(C:\Users\Nils\AppData\Local\Programs\MiKTeX 2.9\tex/generic/pgf/utilities\pgfu
til-common.tex
\pgfutil@everybye=\toks32
\pgfutil@tempdima=\dimen179
\pgfutil@tempdimb=\dimen180

(C:\Users\Nils\AppData\Local\Programs\MiKTeX 2.9\tex/generic/pgf/utilities\pgfu
til-common-lists.tex))
(C:\Users\Nils\AppData\Local\Programs\MiKTeX 2.9\tex/generic/pgf/utilities\pgfu
til-latex.def
\pgfutil@abb=\box64
)
(C:\Users\Nils\AppData\Local\Programs\MiKTeX 2.9\tex/generic/pgf/utilities\pgfr
cs.code.tex
(C:\Users\Nils\AppData\Local\Programs\MiKTeX 2.9\tex/generic/pgf\pgf.revision.t
ex)
Package: pgfrcs 2021/05/15 v3.1.9a (3.1.9a)
))
(C:\Users\Nils\AppData\Local\Programs\MiKTeX 2.9\tex/generic/pgf/systemlayer\pg
fsys.code.tex
Package: pgfsys 2021/05/15 v3.1.9a (3.1.9a)

(C:\Users\Nils\AppData\Local\Programs\MiKTeX 2.9\tex/generic/pgf/utilities\pgfk
eys.code.tex
\pgfkeys@pathtoks=\toks33
\pgfkeys@temptoks=\toks34

(C:\Users\Nils\AppData\Local\Programs\MiKTeX 2.9\tex/generic/pgf/utilities\pgfk
eysfiltered.code.tex
\pgfkeys@tmptoks=\toks35
))
\pgf@x=\dimen181
\pgf@y=\dimen182
\pgf@xa=\dimen183
\pgf@ya=\dimen184
\pgf@xb=\dimen185
\pgf@yb=\dimen186
\pgf@xc=\dimen187
\pgf@yc=\dimen188
\pgf@xd=\dimen189
\pgf@yd=\dimen190
\w@pgf@writea=\write4
\r@pgf@reada=\read3
\c@pgf@counta=\count441
\c@pgf@countb=\count442
\c@pgf@countc=\count443
\c@pgf@countd=\count444
\t@pgf@toka=\toks36
\t@pgf@tokb=\toks37
\t@pgf@tokc=\toks38
\pgf@sys@id@count=\count445

(C:\Users\Nils\AppData\Local\Programs\MiKTeX 2.9\tex/generic/pgf/systemlayer\pg
f.cfg
File: pgf.cfg 2021/05/15 v3.1.9a (3.1.9a)
)
Driver file for pgf: pgfsys-pdftex.def

(C:\Users\Nils\AppData\Local\Programs\MiKTeX 2.9\tex/generic/pgf/systemlayer\pg
fsys-pdftex.def
File: pgfsys-pdftex.def 2021/05/15 v3.1.9a (3.1.9a)

(C:\Users\Nils\AppData\Local\Programs\MiKTeX 2.9\tex/generic/pgf/systemlayer\pg
fsys-common-pdf.def
File: pgfsys-common-pdf.def 2021/05/15 v3.1.9a (3.1.9a)
)))
(C:\Users\Nils\AppData\Local\Programs\MiKTeX 2.9\tex/generic/pgf/systemlayer\pg
fsyssoftpath.code.tex
File: pgfsyssoftpath.code.tex 2021/05/15 v3.1.9a (3.1.9a)
\pgfsyssoftpath@smallbuffer@items=\count446
\pgfsyssoftpath@bigbuffer@items=\count447
)
(C:\Users\Nils\AppData\Local\Programs\MiKTeX 2.9\tex/generic/pgf/systemlayer\pg
fsysprotocol.code.tex
File: pgfsysprotocol.code.tex 2021/05/15 v3.1.9a (3.1.9a)
))
(C:\Users\Nils\AppData\Local\Programs\MiKTeX 2.9\tex/latex/makecell\makecell.st
y
Package: makecell 2009/08/03 V0.1e Managing of Tab Column Heads and Cells
\rotheadsize=\dimen191
\c@nlinenum=\count448
\TeXr@lab=\toks39
) (C:\Users\Nils\AppData\Local\Programs\MiKTeX 2.9\tex/latex/fourier\fourier.st
y
Package: fourier 2022/02/05 2.3 fourier-GUTenberg package
Now handling font encoding FML ...
... no UTF-8 mapping file for font encoding FML
Now handling font encoding FMS ...
... no UTF-8 mapping file for font encoding FMS
Now handling font encoding FMX ...
... no UTF-8 mapping file for font encoding FMX
(C:\Users\Nils\AppData\Local\Programs\MiKTeX 2.9\tex/latex/base\fontenc.sty
Package: fontenc 2021/04/29 v2.0v Standard LaTeX package
LaTeX Font Info:    Trying to load font information for T1+futs on input line 1
12.
(C:\Users\Nils\AppData\Local\Programs\MiKTeX 2.9\tex/latex/fourier\t1futs.fd
File: t1futs.fd 2004/03/02 Fontinst v1.926 font definitions for T1/futs.
))
(C:\Users\Nils\AppData\Local\Programs\MiKTeX 2.9\tex/latex/fourier\fourier-orns
.sty
Package: fourier-orns 2022/02/05 2.3 fourier-ornaments package
)
LaTeX Font Info:    Redeclaring symbol font `operators' on input line 63.
LaTeX Font Info:    Encoding `OT1' has changed to `T1' for symbol font
(Font)              `operators' in the math version `normal' on input line 63.
LaTeX Font Info:    Overwriting symbol font `operators' in version `normal'
(Font)                  OT1/lmr/m/n --> T1/futs/m/n on input line 63.
LaTeX Font Info:    Encoding `OT1' has changed to `T1' for symbol font
(Font)              `operators' in the math version `bold' on input line 63.
LaTeX Font Info:    Overwriting symbol font `operators' in version `bold'
(Font)                  OT1/lmr/bx/n --> T1/futs/m/n on input line 63.
LaTeX Font Info:    Overwriting symbol font `operators' in version `bold'
(Font)                  T1/futs/m/n --> T1/futs/b/n on input line 64.
LaTeX Font Info:    Redeclaring symbol font `letters' on input line 72.
LaTeX Font Info:    Encoding `OML' has changed to `FML' for symbol font
(Font)              `letters' in the math version `normal' on input line 72.
LaTeX Font Info:    Overwriting symbol font `letters' in version `normal'
(Font)                  OML/lmm/m/it --> FML/futmi/m/it on input line 72.
LaTeX Font Info:    Encoding `OML' has changed to `FML' for symbol font
(Font)              `letters' in the math version `bold' on input line 72.
LaTeX Font Info:    Overwriting symbol font `letters' in version `bold'
(Font)                  OML/lmm/b/it --> FML/futmi/m/it on input line 72.
\symotherletters=\mathgroup6
LaTeX Font Info:    Overwriting symbol font `letters' in version `bold'
(Font)                  FML/futmi/m/it --> FML/futmi/b/it on input line 74.
LaTeX Font Info:    Overwriting symbol font `otherletters' in version `bold'
(Font)                  FML/futm/m/it --> FML/futm/b/it on input line 75.
LaTeX Font Info:    Redeclaring math symbol \Gamma on input line 76.
LaTeX Font Info:    Redeclaring math symbol \Delta on input line 77.
LaTeX Font Info:    Redeclaring math symbol \Theta on input line 78.
LaTeX Font Info:    Redeclaring math symbol \Lambda on input line 79.
LaTeX Font Info:    Redeclaring math symbol \Xi on input line 80.
LaTeX Font Info:    Redeclaring math symbol \Pi on input line 81.
LaTeX Font Info:    Redeclaring math symbol \Sigma on input line 82.
LaTeX Font Info:    Redeclaring math symbol \Upsilon on input line 83.
LaTeX Font Info:    Redeclaring math symbol \Phi on input line 84.
LaTeX Font Info:    Redeclaring math symbol \Psi on input line 85.
LaTeX Font Info:    Redeclaring math symbol \Omega on input line 86.
LaTeX Font Info:    Redeclaring symbol font `symbols' on input line 126.
LaTeX Font Info:    Encoding `OMS' has changed to `FMS' for symbol font
(Font)              `symbols' in the math version `normal' on input line 126.
LaTeX Font Info:    Overwriting symbol font `symbols' in version `normal'
(Font)                  OMS/lmsy/m/n --> FMS/futm/m/n on input line 126.
LaTeX Font Info:    Encoding `OMS' has changed to `FMS' for symbol font
(Font)              `symbols' in the math version `bold' on input line 126.
LaTeX Font Info:    Overwriting symbol font `symbols' in version `bold'
(Font)                  OMS/lmsy/b/n --> FMS/futm/m/n on input line 126.
LaTeX Font Info:    Redeclaring symbol font `largesymbols' on input line 127.
LaTeX Font Info:    Encoding `OMX' has changed to `FMX' for symbol font
(Font)              `largesymbols' in the math version `normal' on input line 1
27.
LaTeX Font Info:    Overwriting symbol font `largesymbols' in version `normal'
(Font)                  OMX/lmex/m/n --> FMX/futm/m/n on input line 127.
LaTeX Font Info:    Encoding `OMX' has changed to `FMX' for symbol font
(Font)              `largesymbols' in the math version `bold' on input line 127
.
LaTeX Font Info:    Overwriting symbol font `largesymbols' in version `bold'
(Font)                  OMX/lmex/m/n --> FMX/futm/m/n on input line 127.
LaTeX Font Info:    Redeclaring math alphabet \mathbf on input line 128.
LaTeX Font Info:    Overwriting math alphabet `\mathbf' in version `normal'
(Font)                  OT1/lmr/bx/n --> T1/futs/bx/n on input line 128.
LaTeX Font Info:    Overwriting math alphabet `\mathbf' in version `bold'
(Font)                  OT1/lmr/bx/n --> T1/futs/bx/n on input line 128.
LaTeX Font Info:    Redeclaring math alphabet \mathrm on input line 129.
LaTeX Font Info:    Redeclaring math alphabet \mathit on input line 130.
LaTeX Font Info:    Overwriting math alphabet `\mathit' in version `normal'
(Font)                  OT1/lmr/m/it --> T1/futs/m/it on input line 130.
LaTeX Font Info:    Overwriting math alphabet `\mathit' in version `bold'
(Font)                  OT1/lmr/bx/it --> T1/futs/m/it on input line 130.
LaTeX Font Info:    Redeclaring math alphabet \mathcal on input line 131.
LaTeX Font Info:    Redeclaring math symbol \varkappa on input line 132.
LaTeX Font Info:    Redeclaring math symbol \leqslant on input line 138.
LaTeX Font Info:    Redeclaring math symbol \geqslant on input line 139.
LaTeX Font Info:    Redeclaring math symbol \vDash on input line 142.
LaTeX Font Info:    Redeclaring math symbol \blacktriangleleft on input line 14
3.
LaTeX Font Info:    Redeclaring math symbol \blacktriangleright on input line 1
44.
LaTeX Font Info:    Redeclaring math symbol \nleqslant on input line 145.
LaTeX Font Info:    Redeclaring math symbol \ngeqslant on input line 146.
LaTeX Font Info:    Redeclaring math symbol \parallel on input line 147.
LaTeX Font Info:    Redeclaring math symbol \nparallel on input line 148.
LaTeX Font Info:    Redeclaring math symbol \nvDash on input line 150.
LaTeX Font Info:    Redeclaring math symbol \intercal on input line 151.
LaTeX Font Info:    Redeclaring math symbol \hslash on input line 152.
LaTeX Font Info:    Redeclaring math symbol \nexists on input line 153.
LaTeX Font Info:    Redeclaring math symbol \complement on input line 154.
LaTeX Font Info:    Redeclaring math symbol \varsubsetneq on input line 155.
LaTeX Font Info:    Redeclaring math symbol \hbar on input line 161.
LaTeX Font Info:    Redeclaring math symbol \smallsetminus on input line 162.
LaTeX Font Info:    Redeclaring math symbol \subsetneqq on input line 163.
LaTeX Font Info:    Redeclaring math symbol \rightrightarrows on input line 164
.
LaTeX Font Info:    Redeclaring math symbol \leftleftarrows on input line 165.
LaTeX Font Info:    Redeclaring math symbol \square on input line 166.
LaTeX Font Info:    Redeclaring math symbol \curvearrowleft on input line 167.
LaTeX Font Info:    Redeclaring math symbol \curvearrowright on input line 168.

LaTeX Font Info:    Redeclaring math symbol \blacksquare on input line 169.
LaTeX Font Info:    Redeclaring math symbol \varkappa on input line 199.
LaTeX Font Info:    Redeclaring math symbol \varvarrho on input line 200.
LaTeX Font Info:    Redeclaring math delimiter \Vert on input line 223.
LaTeX Font Info:    Redeclaring math delimiter \vert on input line 228.
LaTeX Font Info:    Redeclaring math delimiter \lvert on input line 230.
LaTeX Font Info:    Redeclaring math delimiter \rvert on input line 232.
LaTeX Font Info:    Redeclaring math delimiter \lVert on input line 234.
LaTeX Font Info:    Redeclaring math delimiter \rVert on input line 236.
LaTeX Font Info:    Redeclaring math delimiter \Downarrow on input line 238.
LaTeX Font Info:    Redeclaring math delimiter \backslash on input line 240.
LaTeX Font Info:    Redeclaring math delimiter \rangle on input line 242.
LaTeX Font Info:    Redeclaring math delimiter \langle on input line 244.
LaTeX Font Info:    Redeclaring math delimiter \rbrace on input line 246.
LaTeX Font Info:    Redeclaring math delimiter \lbrace on input line 248.
LaTeX Font Info:    Redeclaring math delimiter \rceil on input line 250.
LaTeX Font Info:    Redeclaring math delimiter \lceil on input line 252.
LaTeX Font Info:    Redeclaring math delimiter \rfloor on input line 254.
LaTeX Font Info:    Redeclaring math delimiter \lfloor on input line 256.
LaTeX Font Info:    Redeclaring math accent \acute on input line 260.
LaTeX Font Info:    Redeclaring math accent \grave on input line 261.
LaTeX Font Info:    Redeclaring math accent \ddot on input line 262.
LaTeX Font Info:    Redeclaring math accent \tilde on input line 263.
LaTeX Font Info:    Redeclaring math accent \bar on input line 264.
LaTeX Font Info:    Redeclaring math accent \breve on input line 265.
LaTeX Font Info:    Redeclaring math accent \check on input line 266.
LaTeX Font Info:    Redeclaring math accent \hat on input line 267.
LaTeX Font Info:    Redeclaring math accent \dot on input line 268.
LaTeX Font Info:    Redeclaring math accent \mathring on input line 269.
\symUfutm=\mathgroup7
) (C:\Users\Nils\AppData\Local\Programs\MiKTeX 2.9\tex/latex/tools\tabularx.sty
Package: tabularx 2020/01/15 v2.11c `tabularx' package (DPC)
\TX@col@width=\dimen192
\TX@old@table=\dimen193
\TX@old@col=\dimen194
\TX@target=\dimen195
\TX@delta=\dimen196
\TX@cols=\count449
\TX@ftn=\toks40
) (C:\Users\Nils\AppData\Local\Programs\MiKTeX 2.9\tex/latex/caption\caption.st
y
Package: caption 2022/03/01 v3.6b Customizing captions (AR)

(C:\Users\Nils\AppData\Local\Programs\MiKTeX 2.9\tex/latex/caption\caption3.sty
Package: caption3 2022/03/17 v2.3b caption3 kernel (AR)
\caption@tempdima=\dimen197
\captionmargin=\dimen198
\caption@leftmargin=\dimen199
\caption@rightmargin=\dimen256
\caption@width=\dimen257
\caption@indent=\dimen258
\caption@parindent=\dimen259
\caption@hangindent=\dimen260
Package caption Info: Standard document class detected.
)
\c@caption@flags=\count450
\c@continuedfloat=\count451
Package caption Info: float package is loaded.
Package caption Info: hyperref package is loaded.
Package caption Info: longtable package is loaded.

(C:\Users\Nils\AppData\Local\Programs\MiKTeX 2.9\tex/latex/caption\ltcaption.st
y
Package: ltcaption 2021/01/08 v1.4c longtable captions (AR)
))
(C:\Users\Nils\AppData\Local\Programs\MiKTeX 2.9\tex/latex/oberdiek\resizegathe
r.sty
Package: resizegather 2016/05/16 v1.3 Resize overly large equations (HO)
) (C:\Users\Nils\AppData\Local\Programs\MiKTeX 2.9\tex/latex/tools\verbatim.sty
Package: verbatim 2020-07-07 v1.5u LaTeX2e package for verbatim enhancements
\every@verbatim=\toks41
\verbatim@line=\toks42
\verbatim@in@stream=\read4
)
(C:\Users\Nils\AppData\Local\Programs\MiKTeX 2.9\tex/latex/threeparttable\three
parttable.sty
Package: threeparttable 2003/06/13  v 3.0
\@tempboxb=\box65
) (C:\Users\Nils\AppData\Local\Programs\MiKTeX 2.9\tex/latex/psnfss\pifont.sty
Package: pifont 2020/03/25 PSNFSS-v9.3 Pi font support (SPQR) 
LaTeX Font Info:    Trying to load font information for U+pzd on input line 63.

(C:\Users\Nils\AppData\Local\Programs\MiKTeX 2.9\tex/latex/psnfss\upzd.fd
File: upzd.fd 2001/06/04 font definitions for U/pzd.
)
LaTeX Font Info:    Trying to load font information for U+psy on input line 64.

(C:\Users\Nils\AppData\Local\Programs\MiKTeX 2.9\tex/latex/psnfss\upsy.fd
File: upsy.fd 2001/06/04 font definitions for U/psy.
)) (C:\Users\Nils\AppData\Local\Programs\MiKTeX 2.9\tex/generic/soul\soul.sty
Package: soul 2003/11/17 v2.4 letterspacing/underlining (mf)
\SOUL@word=\toks43
\SOUL@lasttoken=\toks44
\SOUL@cmds=\toks45
\SOUL@buffer=\toks46
\SOUL@token=\toks47
\SOUL@spaceskip=\skip85
\SOUL@ttwidth=\dimen261
\SOUL@uldp=\dimen262
\SOUL@ulht=\dimen263
)
(C:\Users\Nils\AppData\Local\Programs\MiKTeX 2.9\tex/latex/adjustbox\adjustbox.
sty
Package: adjustbox 2020/08/19 v1.3 Adjusting TeX boxes (trim, clip, ...)
(C:\Users\Nils\AppData\Local\Programs\MiKTeX 2.9\tex/latex/xkeyval\xkeyval.sty
Package: xkeyval 2020/11/20 v2.8 package option processing (HA)

(C:\Users\Nils\AppData\Local\Programs\MiKTeX 2.9\tex/generic/xkeyval\xkeyval.te
x
(C:\Users\Nils\AppData\Local\Programs\MiKTeX 2.9\tex/generic/xkeyval\xkvutils.t
ex
\XKV@toks=\toks48
\XKV@tempa@toks=\toks49
)
\XKV@depth=\count452
File: xkeyval.tex 2014/12/03 v2.7a key=value parser (HA)
))
(C:\Users\Nils\AppData\Local\Programs\MiKTeX 2.9\tex/latex/adjustbox\adjcalc.st
y
Package: adjcalc 2012/05/16 v1.1 Provides advanced setlength with multiple back
-ends (calc, etex, pgfmath)
)
(C:\Users\Nils\AppData\Local\Programs\MiKTeX 2.9\tex/latex/adjustbox\trimclip.s
ty
Package: trimclip 2020/08/19 v1.2 Trim and clip general TeX material

(C:\Users\Nils\AppData\Local\Programs\MiKTeX 2.9\tex/latex/collectbox\collectbo
x.sty
Package: collectbox 2012/05/17 v0.4b Collect macro arguments as boxes
\collectedbox=\box66
)
\tc@llx=\dimen264
\tc@lly=\dimen265
\tc@urx=\dimen266
\tc@ury=\dimen267
Package trimclip Info: Using driver 'tc-pdftex.def'.

(C:\Users\Nils\AppData\Local\Programs\MiKTeX 2.9\tex/latex/adjustbox\tc-pdftex.
def
File: tc-pdftex.def 2019/01/04 v2.2 Clipping driver for pdftex
))
\adjbox@Width=\dimen268
\adjbox@Height=\dimen269
\adjbox@Depth=\dimen270
\adjbox@Totalheight=\dimen271
\adjbox@pwidth=\dimen272
\adjbox@pheight=\dimen273
\adjbox@pdepth=\dimen274
\adjbox@ptotalheight=\dimen275

(C:\Users\Nils\AppData\Local\Programs\MiKTeX 2.9\tex/latex/ifoddpage\ifoddpage.
sty
Package: ifoddpage 2016/04/23 v1.1 Conditionals for odd/even page detection
\c@checkoddpage=\count453
)
(C:\Users\Nils\AppData\Local\Programs\MiKTeX 2.9\tex/latex/varwidth\varwidth.st
y
Package: varwidth 2009/03/30 ver 0.92;  Variable-width minipages
\@vwid@box=\box67
\sift@deathcycles=\count454
\@vwid@loff=\dimen276
\@vwid@roff=\dimen277
))
(C:\Users\Nils\AppData\Local\Programs\MiKTeX 2.9\tex/latex/graphics\rotating.st
y
Package: rotating 2016/08/11 v2.16d rotated objects in LaTeX
\c@r@tfl@t=\count455
\rotFPtop=\skip86
\rotFPbot=\skip87
\rot@float@box=\box68
\rot@mess@toks=\toks50
)
(C:\Users\Nils\AppData\Local\Programs\MiKTeX 2.9\tex/latex/pdfpages\pdfpages.st
y
Package: pdfpages 2022/01/29 v0.5u Insert pages of external PDF documents (AM)
(C:\Users\Nils\AppData\Local\Programs\MiKTeX 2.9\tex/latex/tools\calc.sty
Package: calc 2017/05/25 v4.3 Infix arithmetic (KKT,FJ)
\calc@Acount=\count456
\calc@Bcount=\count457
\calc@Adimen=\dimen278
\calc@Bdimen=\dimen279
\calc@Askip=\skip88
\calc@Bskip=\skip89
LaTeX Info: Redefining \setlength on input line 80.
LaTeX Info: Redefining \addtolength on input line 81.
\calc@Ccount=\count458
\calc@Cskip=\skip90
) (C:\Users\Nils\AppData\Local\Programs\MiKTeX 2.9\tex/latex/eso-pic\eso-pic.st
y
Package: eso-pic 2020/10/14 v3.0a eso-pic (RN)
\ESO@tempdima=\dimen280
\ESO@tempdimb=\dimen281
)
\AM@pagewidth=\dimen282
\AM@pageheight=\dimen283
\AM@fboxrule=\dimen284

(C:\Users\Nils\AppData\Local\Programs\MiKTeX 2.9\tex/latex/pdfpages\pppdftex.de
f
File: pppdftex.def 2022/01/29 v0.5u Pdfpages driver for pdfTeX (AM)
)
\pdfpages@includegraphics@status=\count459
\AM@pagebox=\box69
\AM@global@opts=\toks51
\AM@pagecnt=\count460
\AM@toc@title=\toks52
\c@AM@survey=\count461
\AM@templatesizebox=\box70
)
(C:\Users\Nils\AppData\Local\Programs\MiKTeX 2.9\tex/latex/setspace\setspace.st
y
Package: setspace 2011/12/19 v6.7a set line spacing
)
(C:\Users\Nils\AppData\Local\Programs\MiKTeX 2.9\tex/generic/oberdiek\iflang.st
y
Package: iflang 2018/01/21 v1.7 Checks for the current language (HO)
Package iflang Info: Naming convention for patterns: babel.
) (C:\Users\Nils\AppData\Local\Programs\MiKTeX 2.9\tex/generic/genmisc\nth.sty
Package: nth 2002/02/27
) (C:\Users\Nils\AppData\Local\Programs\MiKTeX 2.9\tex/generic/babel\babel.sty
Package: babel 2022/02/26 3.73 The Babel package
\babel@savecnt=\count462
\U@D=\dimen285
\l@unhyphenated=\language82

(C:\Users\Nils\AppData\Local\Programs\MiKTeX 2.9\tex/generic/babel\txtbabel.def
)
\bbl@readstream=\read5
\bbl@dirlevel=\count463
*************************************
* Local config file bblopts.cfg used
*
(C:\Users\Nils\AppData\Local\Programs\MiKTeX 2.9\tex/latex/arabi\bblopts.cfg
File: bblopts.cfg 2005/09/08 v0.1 add Arabic and Farsi to "declared" options of
 babel
)
(C:\Users\Nils\AppData\Local\Programs\MiKTeX 2.9\tex/latex/babel-german\ngerman
.ldf
Language: ngerman 2021/02/27 v2.13 German support for babel (post-1996 orthogra
phy)

(C:\Users\Nils\AppData\Local\Programs\MiKTeX 2.9\tex/latex/babel-german\ngerman
b.ldf
Language: ngermanb 2021/02/27 v2.13 German support for babel (post-1996 orthogr
aphy)
Package babel Info: Making " an active character on input line 122.
))
(C:\Users\Nils\AppData\Local\Programs\MiKTeX 2.9\tex/latex/babel-english\englis
h.ldf
Language: english 2017/06/06 v3.3r English support from the babel system
Package babel Info: Hyphen rules for 'canadian' set to \l@english
(babel)             (\language0). Reported on input line 102.
Package babel Info: Hyphen rules for 'australian' set to \l@ukenglish
(babel)             (\language75). Reported on input line 105.
Package babel Info: Hyphen rules for 'newzealand' set to \l@ukenglish
(babel)             (\language75). Reported on input line 108.
)) (C:\Users\Nils\AppData\Local\Programs\MiKTeX 2.9\tex/latex/acronym\acronym.s
ty
Package: acronym 2020/04/17 v1.47 Support for acronyms (Tobias Oetiker)
(C:\Users\Nils\AppData\Local\Programs\MiKTeX 2.9\tex/latex/bigfoot\suffix.sty
Package: suffix 2006/07/15 1.5a Variant command support
) (C:\Users\Nils\AppData\Local\Programs\MiKTeX 2.9\tex/latex/xstring\xstring.st
y
(C:\Users\Nils\AppData\Local\Programs\MiKTeX 2.9\tex/generic/xstring\xstring.te
x
\integerpart=\count464
\decimalpart=\count465
)
Package: xstring 2021/07/21 v1.84 String manipulations (CT)
)
\AC@clearlist=\toks53
)
(C:\Users\Nils\AppData\Local\Programs\MiKTeX 2.9\tex/latex/changepage\changepag
e.sty
Package: changepage 2009/10/20 v1.0c check page and change page layout
\c@cp@cntr=\count466
\cp@tempcnt=\count467
LaTeX Info: Redefining \checkoddpage on input line 59.
) (C:\Users\Nils\AppData\Local\Programs\MiKTeX 2.9\tex/latex/tools\multicol.sty
Package: multicol 2021/10/28 v1.9b multicolumn formatting (FMi)
\c@tracingmulticols=\count468
\mult@box=\box71
\multicol@leftmargin=\dimen286
\c@unbalance=\count469
\c@collectmore=\count470
\doublecol@number=\count471
\multicoltolerance=\count472
\multicolpretolerance=\count473
\full@width=\dimen287
\page@free=\dimen288
\premulticols=\dimen289
\postmulticols=\dimen290
\multicolsep=\skip91
\multicolbaselineskip=\skip92
\partial@page=\box72
\last@line=\box73
\maxbalancingoverflow=\dimen291
\mult@rightbox=\box74
\mult@grightbox=\box75
\mult@firstbox=\box76
\mult@gfirstbox=\box77
\@tempa=\box78
\@tempa=\box79
\@tempa=\box80
\@tempa=\box81
\@tempa=\box82
\@tempa=\box83
\@tempa=\box84
\@tempa=\box85
\@tempa=\box86
\@tempa=\box87
\@tempa=\box88
\@tempa=\box89
\@tempa=\box90
\@tempa=\box91
\@tempa=\box92
\@tempa=\box93
\@tempa=\box94
\@tempa=\box95
\@tempa=\box96
\@tempa=\box97
\@tempa=\box98
\@tempa=\box99
\@tempa=\box100
\@tempa=\box101
\@tempa=\box102
\@tempa=\box103
\@tempa=\box104
\@tempa=\box105
\@tempa=\box106
\@tempa=\box107
\@tempa=\box108
\@tempa=\box109
\@tempa=\box110
\@tempa=\box111
\@tempa=\box112
\@tempa=\box113
\c@minrows=\count474
\c@columnbadness=\count475
\c@finalcolumnbadness=\count476
\last@try=\dimen292
\multicolovershoot=\dimen293
\multicolundershoot=\dimen294
\mult@nat@firstbox=\box114
\colbreak@box=\box115
\mc@col@check@num=\count477
)
Package csquotes Info: Checking for multilingual support...
Package csquotes Info: ... found 'babel' package.
Package csquotes Info: Adjusting default style.
Package csquotes Info: Redefining alias 'default' -> 'english'.
(Master_Thesis.aux)
\openout1 = `Master_Thesis.aux'.

LaTeX Font Info:    Checking defaults for OML/cmm/m/it on input line 128.
LaTeX Font Info:    ... okay on input line 128.
LaTeX Font Info:    Checking defaults for OMS/cmsy/m/n on input line 128.
LaTeX Font Info:    ... okay on input line 128.
LaTeX Font Info:    Checking defaults for OT1/cmr/m/n on input line 128.
LaTeX Font Info:    ... okay on input line 128.
LaTeX Font Info:    Checking defaults for T1/cmr/m/n on input line 128.
LaTeX Font Info:    ... okay on input line 128.
LaTeX Font Info:    Checking defaults for TS1/cmr/m/n on input line 128.
LaTeX Font Info:    ... okay on input line 128.
LaTeX Font Info:    Checking defaults for OMX/cmex/m/n on input line 128.
LaTeX Font Info:    ... okay on input line 128.
LaTeX Font Info:    Checking defaults for U/cmr/m/n on input line 128.
LaTeX Font Info:    ... okay on input line 128.
LaTeX Font Info:    Checking defaults for PD1/pdf/m/n on input line 128.
LaTeX Font Info:    ... okay on input line 128.
LaTeX Font Info:    Checking defaults for PU/pdf/m/n on input line 128.
LaTeX Font Info:    ... okay on input line 128.
LaTeX Font Info:    Checking defaults for FML/futm/m/it on input line 128.
LaTeX Font Info:    Trying to load font information for FML+futm on input line 
128.
(C:\Users\Nils\AppData\Local\Programs\MiKTeX 2.9\tex/latex/fourier\fmlfutm.fd
File: fmlfutm.fd 2004/10/30 Fontinst v1.926 font definitions for FML/futm.
)
LaTeX Font Info:    ... okay on input line 128.
LaTeX Font Info:    Checking defaults for FMS/futm/m/n on input line 128.
LaTeX Font Info:    Trying to load font information for FMS+futm on input line 
128.
(C:\Users\Nils\AppData\Local\Programs\MiKTeX 2.9\tex/latex/fourier\fmsfutm.fd
File: fmsfutm.fd 2004/10/30 Fontinst v1.926 font definitions for FMS/futm.
)
LaTeX Font Info:    ... okay on input line 128.
LaTeX Font Info:    Checking defaults for FMX/futm/m/n on input line 128.
LaTeX Font Info:    Trying to load font information for FMX+futm on input line 
128.
(C:\Users\Nils\AppData\Local\Programs\MiKTeX 2.9\tex/latex/fourier\fmxfutm.fd
File: fmxfutm.fd futm-extension
)
LaTeX Font Info:    ... okay on input line 128.
LaTeX Info: Redefining \microtypecontext on input line 128.
Package microtype Info: Applying patch `item' on input line 128.
Package microtype Info: Applying patch `toc' on input line 128.
Package microtype Info: Applying patch `eqnum' on input line 128.

Package microtype Warning: Unable to apply patch `footnote' on input line 128.

Package microtype Info: Generating PDF output.
Package microtype Info: Character protrusion enabled (level 2).
Package microtype Info: Using protrusion set `basicmath'.
Package microtype Info: Automatic font expansion enabled (level 2),
(microtype)             stretch: 20, shrink: 20, step: 1, non-selected.
Package microtype Info: Using default expansion set `alltext-nott'.
LaTeX Info: Redefining \showhyphens on input line 128.
Package microtype Info: No adjustment of tracking.
Package microtype Info: No adjustment of interword spacing.
Package microtype Info: No adjustment of character kerning.
Package microtype Info: Loading generic protrusion settings for font family
(microtype)             `futs' (encoding: T1).
(microtype)             For optimal results, create family-specific settings.
(microtype)             See the microtype manual for details.
*geometry* driver: auto-detecting
*geometry* detected driver: pdftex
*geometry* verbose mode - [ preamble ] result:
* driver: pdftex
* paper: a4paper
* layout: <same size as paper>
* layoutoffset:(h,v)=(0.0pt,0.0pt)
* modes: 
* h-part:(L,W,R)=(142.26378pt, 384.11221pt, 71.13188pt)
* v-part:(T,H,B)=(56.9055pt, 717.00946pt, 71.13188pt)
* \paperwidth=597.50787pt
* \paperheight=845.04684pt
* \textwidth=384.11221pt
* \textheight=717.00946pt
* \oddsidemargin=69.99379pt
* \evensidemargin=69.99379pt
* \topmargin=-52.36449pt
* \headheight=12.0pt
* \headsep=25.0pt
* \topskip=12.0pt
* \footskip=30.0pt
* \marginparwidth=35.0pt
* \marginparsep=10.0pt
* \columnsep=10.0pt
* \skip\footins=10.8pt plus 4.0pt minus 2.0pt
* \hoffset=0.0pt
* \voffset=0.0pt
* \mag=1000
* \@twocolumnfalse
* \@twosidefalse
* \@mparswitchfalse
* \@reversemarginfalse
* (1in=72.27pt=25.4mm, 1cm=28.453pt)

Package biblatex Info: Trying to load language 'english' -> 'english-apa'...
Package biblatex Info: ... file 'english-apa.lbx' found.

(C:\Users\Nils\AppData\Local\Programs\MiKTeX 2.9\tex/latex/biblatex-apa\english
-apa.lbx
File: english-apa.lbx 2021/12/24 v9.15 APA biblatex localisation
Package biblatex Info: Trying to load language 'english'...
Package biblatex Info: ... file 'english.lbx' found.

(C:\Users\Nils\AppData\Local\Programs\MiKTeX 2.9\tex/latex/biblatex/lbx\english
.lbx
File: english.lbx 2022/02/02 v3.17 biblatex localization (PK/MW)
)
Package biblatex Info: Trying to load language 'american' -> 'american-apa'...
Package biblatex Info: ... file 'american-apa.lbx' found.

(C:\Users\Nils\AppData\Local\Programs\MiKTeX 2.9\tex/latex/biblatex-apa\america
n-apa.lbx
File: american-apa.lbx 2021/12/24 v9.15 APA biblatex localisation
Package biblatex Info: Trying to load language 'american'...
Package biblatex Info: ... file 'american.lbx' found.

(C:\Users\Nils\AppData\Local\Programs\MiKTeX 2.9\tex/latex/biblatex/lbx\america
n.lbx
File: american.lbx 2022/02/02 v3.17 biblatex localization (PK/MW)
Package biblatex Info: Trying to load language 'english'...
Package biblatex Info: ... file 'english.lbx' found.

(C:\Users\Nils\AppData\Local\Programs\MiKTeX 2.9\tex/latex/biblatex/lbx\english
.lbx
File: english.lbx 2022/02/02 v3.17 biblatex localization (PK/MW)
))))
Package biblatex Info: Trying to load language 'ngerman' -> 'ngerman-apa'...
Package biblatex Info: ... file 'ngerman-apa.lbx' found.

(C:\Users\Nils\AppData\Local\Programs\MiKTeX 2.9\tex/latex/biblatex-apa\ngerman
-apa.lbx
File: ngerman-apa.lbx 2021/12/24 v9.15 APA biblatex localisation
Package biblatex Info: Trying to load language 'ngerman'...
Package biblatex Info: ... file 'ngerman.lbx' found.

(C:\Users\Nils\AppData\Local\Programs\MiKTeX 2.9\tex/latex/biblatex/lbx\ngerman
.lbx
File: ngerman.lbx 2022/02/02 v3.17 biblatex localization (PK/MW)
Package biblatex Info: Trying to load language 'german' -> 'german-apa'...
Package biblatex Info: ... file 'german-apa.lbx' found.

(C:\Users\Nils\AppData\Local\Programs\MiKTeX 2.9\tex/latex/biblatex-apa\german-
apa.lbx
File: german-apa.lbx 2021/12/24 v9.15 APA biblatex localisation
Package biblatex Info: Trying to load language 'german'...
Package biblatex Info: ... file 'german.lbx' found.

(C:\Users\Nils\AppData\Local\Programs\MiKTeX 2.9\tex/latex/biblatex/lbx\german.
lbx
File: german.lbx 2022/02/02 v3.17 biblatex localization (PK/MW)
)))
Package biblatex Info: Trying to load language 'ngerman'...
Package biblatex Info: ... file 'ngerman.lbx' found.

(C:\Users\Nils\AppData\Local\Programs\MiKTeX 2.9\tex/latex/biblatex/lbx\ngerman
.lbx
File: ngerman.lbx 2022/02/02 v3.17 biblatex localization (PK/MW)
Package biblatex Info: Trying to load language 'german' -> 'german-apa'...
Package biblatex Info: ... file 'german-apa.lbx' found.

(C:\Users\Nils\AppData\Local\Programs\MiKTeX 2.9\tex/latex/biblatex-apa\german-
apa.lbx
File: german-apa.lbx 2021/12/24 v9.15 APA biblatex localisation
Package biblatex Info: Trying to load language 'german'...
Package biblatex Info: ... file 'german.lbx' found.

(C:\Users\Nils\AppData\Local\Programs\MiKTeX 2.9\tex/latex/biblatex/lbx\german.
lbx
File: german.lbx 2022/02/02 v3.17 biblatex localization (PK/MW)
))))
Package biblatex Info: Input encoding 'utf8' detected.
Package biblatex Info: Automatic encoding selection.
(biblatex)             Assuming data encoding 'utf8'.
\openout3 = `Master_Thesis.bcf'.

Package biblatex Info: Trying to load bibliographic data...
Package biblatex Info: ... file 'Master_Thesis.bbl' found.
(Master_Thesis.bbl)
Package biblatex Info: Reference section=0 on input line 128.
Package biblatex Info: Reference segment=0 on input line 128.

(C:\Users\Nils\AppData\Local\Programs\MiKTeX 2.9\tex/context/base/mkii\supp-pdf
.mkii
[Loading MPS to PDF converter (version 2006.09.02).]
\scratchcounter=\count478
\scratchdimen=\dimen295
\scratchbox=\box116
\nofMPsegments=\count479
\nofMParguments=\count480
\everyMPshowfont=\toks54
\MPscratchCnt=\count481
\MPscratchDim=\dimen296
\MPnumerator=\count482
\makeMPintoPDFobject=\count483
\everyMPtoPDFconversion=\toks55
)
(C:\Users\Nils\AppData\Local\Programs\MiKTeX 2.9\tex/latex/epstopdf-pkg\epstopd
f-base.sty
Package: epstopdf-base 2020-01-24 v2.11 Base part for package epstopdf
Package epstopdf-base Info: Redefining graphics rule for `.eps' on input line 4
85.

(C:\Users\Nils\AppData\Local\Programs\MiKTeX 2.9\tex/latex/00miktex\epstopdf-sy
s.cfg
File: epstopdf-sys.cfg 2021/03/18 v2.0 Configuration of epstopdf for MiKTeX
))
Package hyperref Info: Link coloring ON on input line 128.

(C:\Users\Nils\AppData\Local\Programs\MiKTeX 2.9\tex/latex/hyperref\nameref.sty
Package: nameref 2021-04-02 v2.47 Cross-referencing by name of section

(C:\Users\Nils\AppData\Local\Programs\MiKTeX 2.9\tex/latex/refcount\refcount.st
y
Package: refcount 2019/12/15 v3.6 Data extraction from label references (HO)
)
(C:\Users\Nils\AppData\Local\Programs\MiKTeX 2.9\tex/generic/gettitlestring\get
titlestring.sty
Package: gettitlestring 2019/12/15 v1.6 Cleanup title references (HO)
)
\c@section@level=\count484
)
LaTeX Info: Redefining \ref on input line 128.
LaTeX Info: Redefining \pageref on input line 128.
LaTeX Info: Redefining \nameref on input line 128.
(Master_Thesis.out) (Master_Thesis.out)
\@outlinefile=\write5
\openout5 = `Master_Thesis.out'.

LaTeX Font Info:    Redeclaring math accent \widehat on input line 128.
LaTeX Font Info:    Redeclaring math accent \widetilde on input line 128.
Package caption Info: Begin \AtBeginDocument code.
Package caption Info: changepage package is loaded.
\caption@adjustwidth@hsize=\dimen297
\caption@adjustwidth@linewidth=\dimen298
Package caption Info: rotating package is loaded.
Package caption Info: threeparttable package is loaded.
Package caption Info: End \AtBeginDocument code.

(C:\Users\Nils\AppData\Local\Programs\MiKTeX 2.9\tex/latex/pdflscape\pdflscape.
sty
Package: pdflscape 2019/12/05 v0.12 Display of landscape pages in PDF (HO)
(C:\Users\Nils\AppData\Local\Programs\MiKTeX 2.9\tex/latex/graphics\lscape.sty
Package: lscape 2020/05/28 v3.02 Landscape Pages (DPC)
)
Package pdflscape Info: Auto-detected driver: pdftex on input line 81.
)
Underfull \hbox (badness 10000) in paragraph at lines 137--140

 []

LaTeX Font Info:    Trying to load font information for FML+futmi on input line
 140.
(C:\Users\Nils\AppData\Local\Programs\MiKTeX 2.9\tex/latex/fourier\fmlfutmi.fd
File: fmlfutmi.fd 2004/10/30 Fontinst v1.926 font definitions for FML/futmi.
)
LaTeX Font Info:    Font shape `FMX/futm/m/n' will be
(Font)              scaled to size 11.03998pt on input line 140.
LaTeX Font Info:    Font shape `FMX/futm/m/n' will be
(Font)              scaled to size 8.27998pt on input line 140.
LaTeX Font Info:    Font shape `FMX/futm/m/n' will be
(Font)              scaled to size 6.43999pt on input line 140.
LaTeX Font Info:    Trying to load font information for U+msa on input line 140
.
(C:\Users\Nils\AppData\Local\Programs\MiKTeX 2.9\tex/latex/amsfonts\umsa.fd
File: umsa.fd 2013/01/14 v3.01 AMS symbols A
)
(C:\Users\Nils\AppData\Local\Programs\MiKTeX 2.9\tex/latex/microtype\mt-msa.cfg
File: mt-msa.cfg 2006/02/04 v1.1 microtype config. file: AMS symbols (a) (RS)
)
LaTeX Font Info:    Trying to load font information for U+msb on input line 140
.
(C:\Users\Nils\AppData\Local\Programs\MiKTeX 2.9\tex/latex/amsfonts\umsb.fd
File: umsb.fd 2013/01/14 v3.01 AMS symbols B
)
(C:\Users\Nils\AppData\Local\Programs\MiKTeX 2.9\tex/latex/microtype\mt-msb.cfg
File: mt-msb.cfg 2005/06/01 v1.0 microtype config. file: AMS symbols (b) (RS)
)
LaTeX Font Info:    Font shape `U/futm/m/n' will be
(Font)              scaled to size 11.03998pt on input line 140.
LaTeX Font Info:    Font shape `U/futm/m/n' will be
(Font)              scaled to size 8.27998pt on input line 140.
LaTeX Font Info:    Font shape `U/futm/m/n' will be
(Font)              scaled to size 6.43999pt on input line 140.
<Includes/duelogo_en.png, id=114, 230.8625pt x 89.33376pt>
File: Includes/duelogo_en.png Graphic file (type png)
<use Includes/duelogo_en.png>
Package pdftex.def Info: Includes/duelogo_en.png  used on input line 144.
(pdftex.def)             Requested size: 142.26315pt x 55.04965pt.

Overfull \hbox (1.88399pt too wide) in paragraph at lines 136--149
$[]$ $[]$ 
 []


Overfull \hbox (1.88399pt too wide) in paragraph at lines 166--172
[] [] 
 []


Overfull \hbox (1.88399pt too wide) in paragraph at lines 173--179
[] [] 
 []


Overfull \hbox (1.88399pt too wide) in paragraph at lines 180--186
[] [] 
 []

[1

{C:/Users/Nils/AppData/Local/MiKTeX/2.9/fonts/map/pdftex/pdftex.map} <./Include
s/duelogo_en.png>]
*geometry* verbose mode - [ newgeometry ] result:
* driver: pdftex
* paper: a4paper
* layout: <same size as paper>
* layoutoffset:(h,v)=(0.0pt,0.0pt)
* modes: 
* h-part:(L,W,R)=(142.26378pt, 384.11221pt, 71.13188pt)
* v-part:(T,H,B)=(56.9055pt, 717.00946pt, 71.13188pt)
* \paperwidth=597.50787pt
* \paperheight=845.04684pt
* \textwidth=384.11221pt
* \textheight=717.00946pt
* \oddsidemargin=69.99379pt
* \evensidemargin=69.99379pt
* \topmargin=-52.36449pt
* \headheight=12.0pt
* \headsep=25.0pt
* \topskip=12.0pt
* \footskip=30.0pt
* \marginparwidth=35.0pt
* \marginparsep=10.0pt
* \columnsep=10.0pt
* \skip\footins=10.8pt plus 4.0pt minus 2.0pt
* \hoffset=0.0pt
* \voffset=0.0pt
* \mag=1000
* \@twocolumnfalse
* \@twosidefalse
* \@mparswitchfalse
* \@reversemarginfalse
* (1in=72.27pt=25.4mm, 1cm=28.453pt)

(Master_Thesis.toc [1

])
\tf@toc=\write6
\openout6 = `Master_Thesis.toc'.

[2] (Master_Thesis.lof [3]
Underfull \hbox (badness 6316) in paragraph at lines 18--18
 [][] []\T1/futs/m/n/12 (+20) results for UCI weekly points pre-dic-tion with m
odel 1 
 []


Underfull \hbox (badness 3668) in paragraph at lines 18--18
 \T1/futs/m/n/12 (+20) and 2 with-out $\FML/futmi/m/it/12 height$\T1/futs/m/n/1
2 (+20) , $\FML/futmi/m/it/12 season$\T1/futs/m/n/12 (+20) , $\FML/futmi/m/it/1
2 age$\T1/futs/m/n/12 (+20) , $\FML/futmi/m/it/12 avg[]calories$ \T1/futs/m/n/1
2 (+20) and 
 []


Underfull \hbox (badness 6188) in paragraph at lines 19--19
 [][] []\T1/futs/m/n/12 (+20) results for UCI weekly points pre-dic-tion with m
odel 3 
 []


Underfull \hbox (badness 3668) in paragraph at lines 19--19
 \T1/futs/m/n/12 (+20) and 3 with-out $\FML/futmi/m/it/12 height$\T1/futs/m/n/1
2 (+20) , $\FML/futmi/m/it/12 season$\T1/futs/m/n/12 (+20) , $\FML/futmi/m/it/1
2 age$\T1/futs/m/n/12 (+20) , $\FML/futmi/m/it/12 avg[]calories$ \T1/futs/m/n/1
2 (+20) and 
 []

)
\tf@lof=\write7
\openout7 = `Master_Thesis.lof'.

(Master_Thesis.lot)
\tf@lot=\write8
\openout8 = `Master_Thesis.lot'.

[4] [5]
pdfTeX warning (ext4): destination with the same identifier (name{page.1}) has 
been already used, duplicate ignored
<to be read again> 
                   \relax 
l.278 
       [1

]
LaTeX Font Info:    Trying to load font information for TS1+futs on input line 
285.
(C:\Users\Nils\AppData\Local\Programs\MiKTeX 2.9\tex/latex/fourier\ts1futs.fd
File: ts1futs.fd 2003/09/14 Fontinst v1.801 font definitions for TS1/futs.
) [2]
LaTeX Font Info:    Font shape `FMX/futm/m/n' will be
(Font)              scaled to size 9.19998pt on input line 302.
LaTeX Font Info:    Font shape `FMX/futm/m/n' will be
(Font)              scaled to size 6.99199pt on input line 302.
LaTeX Font Info:    Font shape `FMX/futm/m/n' will be
(Font)              scaled to size 5.51999pt on input line 302.
LaTeX Font Info:    Font shape `U/futm/m/n' will be
(Font)              scaled to size 9.19998pt on input line 302.
LaTeX Font Info:    Font shape `U/futm/m/n' will be
(Font)              scaled to size 6.99199pt on input line 302.
LaTeX Font Info:    Font shape `U/futm/m/n' will be
(Font)              scaled to size 5.51999pt on input line 302.
[3]

pdfTeX warning: pdflatex.exe (file ./includes/Strava_scraper_final.pdf): PDF in
clusion: found PDF version <1.7>, but at most version <1.5> allowed
<./includes/Strava_scraper_final.pdf, id=272, 614.295pt x 794.97pt>
File: ./includes/Strava_scraper_final.pdf Graphic file (type pdf)
<use ./includes/Strava_scraper_final.pdf>
Package pdftex.def Info: ./includes/Strava_scraper_final.pdf  used on input lin
e 305.
(pdftex.def)             Requested size: 426.79787pt x 256.07828pt.

Overfull \hbox (14.23291pt too wide) in paragraph at lines 305--306
[] [] 
 []

[4 <./includes/Strava_scraper_final.pdf>]

LaTeX Font Warning: Command \scriptsize invalid in math mode on input line 330.


LaTeX Font Info:    Font shape `FMX/futm/m/n' will be
(Font)              scaled to size 7.35999pt on input line 330.
LaTeX Font Info:    Font shape `FMX/futm/m/n' will be
(Font)              scaled to size 6.25598pt on input line 330.
LaTeX Font Info:    Font shape `U/futm/m/n' will be
(Font)              scaled to size 7.35999pt on input line 330.
LaTeX Font Info:    Font shape `U/futm/m/n' will be
(Font)              scaled to size 6.25598pt on input line 330.

LaTeX Font Warning: Command \scriptsize invalid in math mode on input line 330.


[5] [6]
Package resizegather Info: Equation line 1 is too large by 9.97653pt
(resizegather)             in environment `equation' on input line 459.
[7]
LaTeX Font Info:    Font shape `T1/futs/bx/n' in size <12> not available
(Font)              Font shape `T1/futs/b/n' tried instead on input line 469.
LaTeX Font Info:    Font shape `T1/futs/bx/n' in size <9> not available
(Font)              Font shape `T1/futs/b/n' tried instead on input line 469.
LaTeX Font Info:    Font shape `T1/futs/bx/n' in size <7> not available
(Font)              Font shape `T1/futs/b/n' tried instead on input line 469.

Underfull \hbox (badness 8019) in paragraph at lines 469--472
[]\T1/futs/m/n/12 (+20) Consider a dataset with $\FML/futmi/m/it/12 n$ \T1/futs
/m/n/12 (+20) ob-ser-va-tions and $\FML/futmi/m/it/12 m$ \T1/futs/m/n/12 (+20) 
fea-tures $\FML/futmi/m/it/12 q[]; [] ; q[]$\T1/futs/m/n/12 (+20) .
 []


Underfull \hbox (badness 2173) in paragraph at lines 469--472
\FMS/futm/m/n/12 D  [] []$ \T1/futs/m/n/12 (+20) In the first step a KNN-algor
ithm
 []

[8]
<Master_Thesis_files/figure-latex/heat-map-1.pdf, id=347, 469.755pt x 325.215pt
>
File: Master_Thesis_files/figure-latex/heat-map-1.pdf Graphic file (type pdf)
<use Master_Thesis_files/figure-latex/heat-map-1.pdf>
Package pdftex.def Info: Master_Thesis_files/figure-latex/heat-map-1.pdf  used 
on input line 494.
(pdftex.def)             Requested size: 384.11208pt x 265.92374pt.
[9 <./Master_Thesis_files/figure-latex/heat-map-1.pdf>] [10] [11]
<Master_Thesis_files/figure-latex/decision-tree-1.pdf, id=380, 469.755pt x 325.
215pt>
File: Master_Thesis_files/figure-latex/decision-tree-1.pdf Graphic file (type p
df)
<use Master_Thesis_files/figure-latex/decision-tree-1.pdf>
Package pdftex.def Info: Master_Thesis_files/figure-latex/decision-tree-1.pdf  
used on input line 523.
(pdftex.def)             Requested size: 384.11208pt x 265.92374pt.
[12 <./Master_Thesis_files/figure-latex/decision-tree-1.pdf>]

pdfTeX warning: pdflatex.exe (file ./includes/RF_pred.pdf): PDF inclusion: foun
d PDF version <1.7>, but at most version <1.5> allowed
<./includes/RF_pred.pdf, id=404, 614.295pt x 794.97pt>
File: ./includes/RF_pred.pdf Graphic file (type pdf)
<use ./includes/RF_pred.pdf>
Package pdftex.def Info: ./includes/RF_pred.pdf  used on input line 535.
(pdftex.def)             Requested size: 569.09506pt x 301.28564pt.

Overfull \hbox (184.98285pt too wide) in paragraph at lines 535--536
 [] 
 []

[13 <./includes/RF_pred.pdf>] [14]

pdfTeX warning: pdflatex.exe (file ./includes/grad_boost.pdf): PDF inclusion: f
ound PDF version <1.7>, but at most version <1.5> allowed
<./includes/grad_boost.pdf, id=438, 409.53pt x 339.18718pt>
File: ./includes/grad_boost.pdf Graphic file (type pdf)
<use ./includes/grad_boost.pdf>
Package pdftex.def Info: ./includes/grad_boost.pdf  used on input line 576.
(pdftex.def)             Requested size: 384.13339pt x 318.15282pt.
[15] [16 <./includes/grad_boost.pdf>] [17] [18]

pdfTeX warning: pdflatex.exe (file ./includes/XGBoost.pdf): PDF inclusion: foun
d PDF version <1.7>, but at most version <1.5> allowed
<./includes/XGBoost.pdf, id=491, 614.295pt x 795.93356pt>
File: ./includes/XGBoost.pdf Graphic file (type pdf)
<use ./includes/XGBoost.pdf>
Package pdftex.def Info: ./includes/XGBoost.pdf  used on input line 658.
(pdftex.def)             Requested size: 540.62718pt x 653.01381pt.

Overfull \hbox (156.51497pt too wide) in paragraph at lines 658--659
 [][] 
 []

[19] [20 <./includes/XGBoost.pdf>] [21] [22]

pdfTeX warning: pdflatex.exe (file ./includes/Ordered_Boosting.pdf): PDF inclus
ion: found PDF version <1.7>, but at most version <1.5> allowed
<./includes/Ordered_Boosting.pdf, id=541, 614.295pt x 795.93356pt>
File: ./includes/Ordered_Boosting.pdf Graphic file (type pdf)
<use ./includes/Ordered_Boosting.pdf>
Package pdftex.def Info: ./includes/Ordered_Boosting.pdf  used on input line 71
0.
(pdftex.def)             Requested size: 422.53297pt x 313.83444pt.

Overfull \hbox (38.42076pt too wide) in paragraph at lines 710--711
 [][] 
 []

[23 <./includes/Ordered_Boosting.pdf>]
LaTeX Font Info:    Font shape `T1/futs/bx/n' in size <8> not available
(Font)              Font shape `T1/futs/b/n' tried instead on input line 729.
LaTeX Font Info:    Font shape `T1/futs/bx/n' in size <6.8> not available
(Font)              Font shape `T1/futs/b/n' tried instead on input line 729.
LaTeX Font Info:    Font shape `T1/futs/bx/n' in size <6> not available
(Font)              Font shape `T1/futs/b/n' tried instead on input line 729.
[24] [25] [26]
<Master_Thesis_files/figure-latex/baysianHPO-1.pdf, id=599, 469.755pt x 325.215
pt>
File: Master_Thesis_files/figure-latex/baysianHPO-1.pdf Graphic file (type pdf)

<use Master_Thesis_files/figure-latex/baysianHPO-1.pdf>
Package pdftex.def Info: Master_Thesis_files/figure-latex/baysianHPO-1.pdf  use
d on input line 805.
(pdftex.def)             Requested size: 384.11208pt x 265.92374pt.
[27] [28 <./Master_Thesis_files/figure-latex/baysianHPO-1.pdf>] [29]
LaTeX Font Info:    Font shape `T1/futs/bx/n' in size <10.95> not available
(Font)              Font shape `T1/futs/b/n' tried instead on input line 889.
LaTeX Font Info:    Font shape `T1/futs/bx/n' in size <8.3> not available
(Font)              Font shape `T1/futs/b/n' tried instead on input line 889.
[30] [31] [32] [33]
Underfull \hbox (badness 10000) in paragraph at lines 966--967

 []


Underfull \hbox (badness 10000) in paragraph at lines 967--969

 []

[34] [35] [36] [37]
<Master_Thesis_files/figure-latex/RMSE-avg-power-irmi-1.pdf, id=732, 469.755pt 
x 325.215pt>
File: Master_Thesis_files/figure-latex/RMSE-avg-power-irmi-1.pdf Graphic file (
type pdf)
<use Master_Thesis_files/figure-latex/RMSE-avg-power-irmi-1.pdf>
Package pdftex.def Info: Master_Thesis_files/figure-latex/RMSE-avg-power-irmi-1
.pdf  used on input line 1090.
(pdftex.def)             Requested size: 384.11208pt x 265.92374pt.
[38] [39 <./Master_Thesis_files/figure-latex/RMSE-avg-power-irmi-1.pdf>]
<./includes/shap/xgboost/summary_avg_p_bar.pdf, id=748, 578.16pt x 860.01299pt>

File: ./includes/shap/xgboost/summary_avg_p_bar.pdf Graphic file (type pdf)
<use ./includes/shap/xgboost/summary_avg_p_bar.pdf>
Package pdftex.def Info: ./includes/shap/xgboost/summary_avg_p_bar.pdf  used on
 input line 1104.
(pdftex.def)             Requested size: 307.28789pt x 457.09073pt.
[40 <./includes/shap/xgboost/summary_avg_p_bar.pdf>]
<./includes/shap/xgboost/summary_avg_p.pdf, id=802, 578.16pt x 860.01299pt>
File: ./includes/shap/xgboost/summary_avg_p.pdf Graphic file (type pdf)
<use ./includes/shap/xgboost/summary_avg_p.pdf>
Package pdftex.def Info: ./includes/shap/xgboost/summary_avg_p.pdf  used on inp
ut line 1114.
(pdftex.def)             Requested size: 307.28789pt x 457.09073pt.
[41] [42 <./includes/shap/xgboost/summary_avg_p.pdf>]
<Master_Thesis_files/figure-latex/RMSE-UCI-model-1-2-1.pdf, id=866, 469.755pt x
 325.215pt>
File: Master_Thesis_files/figure-latex/RMSE-UCI-model-1-2-1.pdf Graphic file (t
ype pdf)
<use Master_Thesis_files/figure-latex/RMSE-UCI-model-1-2-1.pdf>
Package pdftex.def Info: Master_Thesis_files/figure-latex/RMSE-UCI-model-1-2-1.
pdf  used on input line 1125.
(pdftex.def)             Requested size: 384.11208pt x 265.92374pt.
[43 <./Master_Thesis_files/figure-latex/RMSE-UCI-model-1-2-1.pdf>]
<Master_Thesis_files/figure-latex/RMSE-UCI-model-3-4-1.pdf, id=881, 469.755pt x
 325.215pt>
File: Master_Thesis_files/figure-latex/RMSE-UCI-model-3-4-1.pdf Graphic file (t
ype pdf)
<use Master_Thesis_files/figure-latex/RMSE-UCI-model-3-4-1.pdf>
Package pdftex.def Info: Master_Thesis_files/figure-latex/RMSE-UCI-model-3-4-1.
pdf  used on input line 1131.
(pdftex.def)             Requested size: 384.11208pt x 265.92374pt.
[44 <./Master_Thesis_files/figure-latex/RMSE-UCI-model-3-4-1.pdf>]
<./includes/shap/lightgbm/decision_UCI_points.pdf, id=894, 578.16pt x 686.565pt
>
File: ./includes/shap/lightgbm/decision_UCI_points.pdf Graphic file (type pdf)
<use ./includes/shap/lightgbm/decision_UCI_points.pdf>
Package pdftex.def Info: ./includes/shap/lightgbm/decision_UCI_points.pdf  used
 on input line 1140.
(pdftex.def)             Requested size: 307.28789pt x 364.90437pt.
[45 <./includes/shap/lightgbm/decision_UCI_points.pdf>]
<./includes/shap/lightgbm/summary_UCI_points.pdf, id=940, 578.16pt x 715.47299p
t>
File: ./includes/shap/lightgbm/summary_UCI_points.pdf Graphic file (type pdf)
<use ./includes/shap/lightgbm/summary_UCI_points.pdf>
Package pdftex.def Info: ./includes/shap/lightgbm/summary_UCI_points.pdf  used 
on input line 1149.
(pdftex.def)             Requested size: 307.28789pt x 380.26877pt.
[46 <./includes/shap/lightgbm/summary_UCI_points.pdf>]
Underfull \hbox (badness 2020) in paragraph at lines 1157--1158
[]\T1/futs/m/n/12 (+20) When we re-moved the vari-ables $\FML/futmi/m/it/12 hei
ght$\T1/futs/m/n/12 (+20) , $\FML/futmi/m/it/12 season$\T1/futs/m/n/12 (+20) , 
$\FML/futmi/m/it/12 age$\T1/futs/m/n/12 (+20) , $\FML/futmi/m/it/12 avg[]calori
es$\T1/futs/m/n/12 (+20) ,
 []

<Master_Thesis_files/figure-latex/RMSE-UCI-irmi-new-avg-power-comb-1.pdf, id=99
8, 469.755pt x 325.215pt>
File: Master_Thesis_files/figure-latex/RMSE-UCI-irmi-new-avg-power-comb-1.pdf G
raphic file (type pdf)
<use Master_Thesis_files/figure-latex/RMSE-UCI-irmi-new-avg-power-comb-1.pdf>
Package pdftex.def Info: Master_Thesis_files/figure-latex/RMSE-UCI-irmi-new-avg
-power-comb-1.pdf  used on input line 1164.
(pdftex.def)             Requested size: 384.11208pt x 265.92374pt.
[47]
<Master_Thesis_files/figure-latex/RMSE-UCI-irmi-new-avg-power-1.pdf, id=1003, 4
69.755pt x 325.215pt>
File: Master_Thesis_files/figure-latex/RMSE-UCI-irmi-new-avg-power-1.pdf Graphi
c file (type pdf)
<use Master_Thesis_files/figure-latex/RMSE-UCI-irmi-new-avg-power-1.pdf>
Package pdftex.def Info: Master_Thesis_files/figure-latex/RMSE-UCI-irmi-new-avg
-power-1.pdf  used on input line 1172.
(pdftex.def)             Requested size: 384.11208pt x 265.92374pt.
[48 <./Master_Thesis_files/figure-latex/RMSE-UCI-irmi-new-avg-power-comb-1.pdf>
] [49 <./Master_Thesis_files/figure-latex/RMSE-UCI-irmi-new-avg-power-1.pdf>] [
50] [51]

pdfTeX warning: pdflatex.exe (file ./includes/SHAP_bias.pdf): PDF inclusion: fo
und PDF version <1.7>, but at most version <1.5> allowed
<./includes/SHAP_bias.pdf, id=1046, 479.87279pt x 157.54858pt>
File: ./includes/SHAP_bias.pdf Graphic file (type pdf)
<use ./includes/SHAP_bias.pdf>
Package pdftex.def Info: ./includes/SHAP_bias.pdf  used on input line 1329.
(pdftex.def)             Requested size: 384.13306pt x 126.11595pt.
[52 <./includes/SHAP_bias.pdf>] [53] [54]
Underfull \hbox (badness 1859) in paragraph at lines 1344--1344
[][]\T1/futs/m/n/12 (+20) Hvarfner, C., Stoll, D., Souza, A., Nardi, L., Lin-da
uer, M., & Hut-ter, F.
 []


Underfull \hbox (badness 1215) in paragraph at lines 1344--1344
\T1/futs/m/n/12 (+20) (2022). Pibo: Aug-ment-ing ac-qui-si-tion func-tions with
 user be-liefs
 []

[55] [56] [57]
<./includes/Strava_scraper.png, id=1124, 805.50937pt x 443.40656pt>
File: ./includes/Strava_scraper.png Graphic file (type png)
<use ./includes/Strava_scraper.png>
Package pdftex.def Info: ./includes/Strava_scraper.png  used on input line 1545
.
(pdftex.def)             Requested size: 717.03922pt x 393.67255pt.
[58] [59] [60 <./includes/Strava_scraper.png>]

pdfTeX warning: pdflatex.exe (file ./eidesstattliche_versicherung.pdf): PDF inc
lusion: found PDF version <1.7>, but at most version <1.5> allowed
<eidesstattliche_versicherung.pdf, id=1143, 597.73312pt x 845.1575pt>
File: eidesstattliche_versicherung.pdf Graphic file (type pdf)
<use eidesstattliche_versicherung.pdf>
Package pdftex.def Info: eidesstattliche_versicherung.pdf  used on input line 1
551.
(pdftex.def)             Requested size: 384.11664pt x 543.11708pt.


pdfTeX warning: pdflatex.exe (file ./eidesstattliche_versicherung.pdf): PDF inc
lusion: found PDF version <1.7>, but at most version <1.5> allowed
File: eidesstattliche_versicherung.pdf Graphic file (type pdf)
<use eidesstattliche_versicherung.pdf>
Package pdftex.def Info: eidesstattliche_versicherung.pdf  used on input line 1
551.
(pdftex.def)             Requested size: 384.11664pt x 543.11708pt.


pdfTeX warning: pdflatex.exe (file ./eidesstattliche_versicherung.pdf): PDF inc
lusion: found PDF version <1.7>, but at most version <1.5> allowed


pdfTeX warning: pdflatex.exe (file ./eidesstattliche_versicherung.pdf): PDF inc
lusion: found PDF version <1.7>, but at most version <1.5> allowed
<eidesstattliche_versicherung.pdf, id=1146, page=1, 597.73312pt x 845.1575pt>
File: eidesstattliche_versicherung.pdf Graphic file (type pdf)
<use eidesstattliche_versicherung.pdf, page 1>
Package pdftex.def Info: eidesstattliche_versicherung.pdf , page1 used on input
 line 1551.
(pdftex.def)             Requested size: 597.73166pt x 845.15544pt.
File: eidesstattliche_versicherung.pdf Graphic file (type pdf)
<use eidesstattliche_versicherung.pdf, page 1>
Package pdftex.def Info: eidesstattliche_versicherung.pdf , page1 used on input
 line 1551.
(pdftex.def)             Requested size: 597.75902pt x 845.19412pt.
File: eidesstattliche_versicherung.pdf Graphic file (type pdf)
<use eidesstattliche_versicherung.pdf, page 1>
Package pdftex.def Info: eidesstattliche_versicherung.pdf , page1 used on input
 line 1551.
(pdftex.def)             Requested size: 597.75902pt x 845.19412pt.
File: eidesstattliche_versicherung.pdf Graphic file (type pdf)
<use eidesstattliche_versicherung.pdf, page 1>
Package pdftex.def Info: eidesstattliche_versicherung.pdf , page1 used on input
 line 1551.
(pdftex.def)             Requested size: 597.75902pt x 845.19412pt.
File: eidesstattliche_versicherung.pdf Graphic file (type pdf)
<use eidesstattliche_versicherung.pdf, page 1>
Package pdftex.def Info: eidesstattliche_versicherung.pdf , page1 used on input
 line 1551.
(pdftex.def)             Requested size: 597.75902pt x 845.19412pt.
[61

 <./eidesstattliche_versicherung.pdf>] (Master_Thesis.aux)
Package rerunfilecheck Info: File `Master_Thesis.out' has not changed.
(rerunfilecheck)             Checksum: 4FF50E74C4C05A06B0EA39605F52DE74;3392.
Package logreq Info: Writing requests to 'Master_Thesis.run.xml'.
\openout1 = `Master_Thesis.run.xml'.

 ) 
Here is how much of TeX's memory you used:
 31700 strings out of 478536
 580342 string characters out of 2839937
 1466386 words of memory out of 3000000
 48284 multiletter control sequences out of 15000+600000
 753300 words of font info for 689 fonts, out of 8000000 for 9000
 1143 hyphenation exceptions out of 8191
 94i,25n,132p,4025b,7325s stack positions out of 10000i,1000n,20000p,200000b,80000s

pdfTeX warning (dest): name{Hfootnote.1} has been referenced but does not exist
, replaced by a fixed one

{C:/Users/Nils/AppData/Local/Programs/MiKTeX 2.9/fonts/enc/dvips/base/8r.enc}<C
:/Users/Nils/AppData/Local/Programs/MiKTeX 2.9/fonts/type1/public/fourier/fouri
er-bb.pfb><C:/Users/Nils/AppData/Local/Programs/MiKTeX 2.9/fonts/type1/public/f
ourier/fourier-mcl.pfb><C:/Users/Nils/AppData/Local/Programs/MiKTeX 2.9/fonts/t
ype1/public/fourier/fourier-mex.pfb><C:/Users/Nils/AppData/Local/Programs/MiKTe
X 2.9/fonts/type1/public/fourier/fourier-ml.pfb><C:/Users/Nils/AppData/Local/Pr
ograms/MiKTeX 2.9/fonts/type1/public/fourier/fourier-mlit.pfb><C:/Users/Nils/Ap
pData/Local/Programs/MiKTeX 2.9/fonts/type1/public/fourier/fourier-ms.pfb><C:/U
sers/Nils/AppData/Local/Programs/MiKTeX 2.9/fonts/type1/adobe/utopia/putb8a.pfb
><C:/Users/Nils/AppData/Local/Programs/MiKTeX 2.9/fonts/type1/adobe/utopia/putb
i8a.pfb><C:/Users/Nils/AppData/Local/Programs/MiKTeX 2.9/fonts/type1/adobe/utop
ia/putr8a.pfb><C:/Users/Nils/AppData/Local/Programs/MiKTeX 2.9/fonts/type1/adob
e/utopia/putri8a.pfb><C:/Users/Nils/AppData/Local/Programs/MiKTeX 2.9/fonts/typ
e1/urw/zapfding/uzdr.pfb>
Output written on Master_Thesis.pdf (67 pages, 1336497 bytes).
PDF statistics:
 1276 PDF objects out of 1440 (max. 8388607)
 254 named destinations out of 1000 (max. 500000)
 174465 words of extra memory for PDF output out of 184870 (max. 10000000)


! pdflatex: Sicherheitsrisiko: wird mit erweiterten Privilegien ausgefhrt
