\BOOKMARK [1][-]{section*.2}{\376\377\000L\000i\000s\000t\000\040\000o\000f\000\040\000F\000i\000g\000u\000r\000e\000s}{}% 1
\BOOKMARK [1][-]{section*.3}{\376\377\000L\000i\000s\000t\000\040\000o\000f\000\040\000T\000a\000b\000l\000e\000s}{}% 2
\BOOKMARK [1][-]{section*.4}{\376\377\000L\000i\000s\000t\000\040\000o\000f\000\040\000A\000b\000b\000r\000e\000v\000i\000a\000t\000i\000o\000n\000s}{}% 3
\BOOKMARK [1][-]{section.1}{\376\377\000I\000n\000t\000r\000o\000d\000u\000c\000t\000i\000o\000n}{}% 4
\BOOKMARK [1][-]{section.2}{\376\377\000D\000a\000t\000a}{}% 5
\BOOKMARK [2][-]{subsection.2.1}{\376\377\000S\000c\000r\000a\000p\000i\000n\000g\000\040\000p\000r\000o\000c\000e\000s\000s}{section.2}% 6
\BOOKMARK [2][-]{subsection.2.2}{\376\377\000D\000a\000t\000a\000s\000e\000t\000\040\000e\000x\000p\000l\000o\000r\000a\000t\000i\000o\000n\000\040}{section.2}% 7
\BOOKMARK [2][-]{subsection.2.3}{\376\377\000I\000R\000M\000I}{section.2}% 8
\BOOKMARK [1][-]{section.3}{\376\377\000L\000i\000t\000e\000r\000a\000t\000u\000r\000e}{}% 9
\BOOKMARK [1][-]{section.4}{\376\377\000M\000e\000t\000h\000o\000d\000s\000\040}{}% 10
\BOOKMARK [2][-]{subsection.4.1}{\376\377\000R\000e\000g\000r\000e\000s\000s\000i\000o\000n\000\040\000T\000r\000e\000e\000s}{section.4}% 11
\BOOKMARK [2][-]{subsection.4.2}{\376\377\000R\000a\000n\000d\000o\000m\000\040\000F\000o\000r\000e\000s\000t\000s}{section.4}% 12
\BOOKMARK [2][-]{subsection.4.3}{\376\377\000G\000r\000a\000d\000i\000e\000n\000t\000\040\000B\000o\000o\000s\000t\000i\000n\000g}{section.4}% 13
\BOOKMARK [2][-]{subsection.4.4}{\376\377\000X\000G\000B\000o\000o\000s\000t\000\040}{section.4}% 14
\BOOKMARK [2][-]{subsection.4.5}{\376\377\000L\000i\000g\000h\000t\000G\000B\000M\000\040}{section.4}% 15
\BOOKMARK [2][-]{subsection.4.6}{\376\377\000C\000a\000t\000b\000o\000o\000s\000t\000\040}{section.4}% 16
\BOOKMARK [2][-]{subsection.4.7}{\376\377\000H\000y\000p\000e\000r\000p\000a\000r\000a\000m\000e\000t\000e\000r\000\040\000O\000p\000t\000i\000m\000i\000z\000a\000t\000i\000o\000n}{section.4}% 17
\BOOKMARK [2][-]{subsection.4.8}{\376\377\000M\000e\000t\000r\000i\000c\000s\000\040}{section.4}% 18
\BOOKMARK [2][-]{subsection.4.9}{\376\377\000S\000H\000A\000P}{section.4}% 19
\BOOKMARK [2][-]{subsection.4.10}{\376\377\000M\000o\000d\000e\000l\000s\000\040}{section.4}% 20
\BOOKMARK [1][-]{section.5}{\376\377\000R\000e\000s\000u\000l\000t\000s\000\040}{}% 21
\BOOKMARK [2][-]{subsection.5.1}{\376\377\000P\000r\000e\000d\000i\000c\000t\000i\000o\000n\000\040\000o\000f\000\040\000t\000h\000e\000\040\000a\000v\000e\000r\000a\000g\000e\000\040\000p\000o\000w\000e\000r}{section.5}% 22
\BOOKMARK [2][-]{subsection.5.2}{\376\377\000P\000r\000e\000d\000i\000c\000t\000i\000o\000n\000\040\000o\000f\000\040\000t\000h\000e\000\040\000U\000C\000I\000\040\000w\000e\000e\000k\000l\000y\000\040\000p\000o\000i\000n\000t\000s}{section.5}% 23
\BOOKMARK [2][-]{subsection.5.3}{\376\377\000B\000a\000y\000e\000s\000i\000a\000n\000\040\000H\000y\000p\000e\000r\000p\000a\000r\000a\000m\000e\000t\000e\000r\000\040\000T\000u\000n\000i\000n\000g}{section.5}% 24
\BOOKMARK [1][-]{section.6}{\376\377\000D\000i\000s\000c\000u\000s\000s\000i\000o\000n\000\040}{}% 25
\BOOKMARK [1][-]{section.7}{\376\377\000C\000o\000n\000c\000l\000u\000s\000i\000o\000n}{}% 26
\BOOKMARK [1][-]{appendix.A}{\376\377\000A\000p\000p\000e\000n\000d\000i\000x\000\040}{}% 27
